2020-10-23 12:24:29 - INFO  - tn.esprit.spring.EmployeServiceImplTest - Starting EmployeServiceImplTest on Waelbenamara with PID 25368 (started by waelb in C:\Users\waelb\OneDrive\Documents\SpringWorkSpace\Integration-continue)
2020-10-23 12:24:29 - INFO  - tn.esprit.spring.EmployeServiceImplTest - No active profile set, falling back to default profiles: default
2020-10-23 12:24:32 - INFO  - org.hibernate.jpa.internal.util.LogHelper - HHH000204: Processing PersistenceUnitInfo [name: default]
2020-10-23 12:24:32 - INFO  - org.hibernate.Version - HHH000412: Hibernate ORM core version 5.4.21.Final
2020-10-23 12:24:32 - INFO  - org.hibernate.annotations.common.Version - HCANN000001: Hibernate Commons Annotations {5.1.0.Final}
2020-10-23 12:24:33 - WARN  - o.s.b.a.orm.jpa.JpaBaseConfiguration$JpaWebConfiguration - spring.jpa.open-in-view is enabled by default. Therefore, database queries may be performed during view rendering. Explicitly configure spring.jpa.open-in-view to disable this warning
2020-10-23 12:24:33 - INFO  - org.hibernate.dialect.Dialect - HHH000400: Using dialect: org.hibernate.dialect.MySQL5InnoDBDialect
2020-10-23 12:24:35 - INFO  - o.h.e.transaction.jta.platform.internal.JtaPlatformInitiator - HHH000490: Using JtaPlatform implementation: [org.hibernate.engine.transaction.jta.platform.internal.NoJtaPlatform]
2020-10-23 12:24:36 - INFO  - tn.esprit.spring.EmployeServiceImplTest - Started EmployeServiceImplTest in 8.208 seconds (JVM running for 10.114)
2020-10-23 12:24:36 - INFO  - tn.esprit.spring.services.IEmployeService - In addOrUpdateEmploye
2020-10-23 12:24:36 - INFO  - tn.esprit.spring.services.IEmployeService - Out addOrUpdateEmploye
2020-10-23 12:25:14 - INFO  - tn.esprit.spring.EmployeServiceImplTest - Starting EmployeServiceImplTest on Waelbenamara with PID 13020 (started by waelb in C:\Users\waelb\OneDrive\Documents\SpringWorkSpace\Integration-continue)
2020-10-23 12:25:14 - INFO  - tn.esprit.spring.EmployeServiceImplTest - No active profile set, falling back to default profiles: default
2020-10-23 12:25:17 - INFO  - org.hibernate.jpa.internal.util.LogHelper - HHH000204: Processing PersistenceUnitInfo [name: default]
2020-10-23 12:25:17 - INFO  - org.hibernate.Version - HHH000412: Hibernate ORM core version 5.4.21.Final
2020-10-23 12:25:18 - INFO  - org.hibernate.annotations.common.Version - HCANN000001: Hibernate Commons Annotations {5.1.0.Final}
2020-10-23 12:25:18 - WARN  - o.s.b.a.orm.jpa.JpaBaseConfiguration$JpaWebConfiguration - spring.jpa.open-in-view is enabled by default. Therefore, database queries may be performed during view rendering. Explicitly configure spring.jpa.open-in-view to disable this warning
2020-10-23 12:25:19 - INFO  - org.hibernate.dialect.Dialect - HHH000400: Using dialect: org.hibernate.dialect.MySQL5InnoDBDialect
2020-10-23 12:25:21 - INFO  - o.h.e.transaction.jta.platform.internal.JtaPlatformInitiator - HHH000490: Using JtaPlatform implementation: [org.hibernate.engine.transaction.jta.platform.internal.NoJtaPlatform]
2020-10-23 12:25:22 - INFO  - tn.esprit.spring.EmployeServiceImplTest - Started EmployeServiceImplTest in 8.46 seconds (JVM running for 10.365)
2020-10-23 12:25:22 - INFO  - tn.esprit.spring.services.IEmployeService - In addOrUpdateEmploye
2020-10-23 12:25:22 - INFO  - tn.esprit.spring.services.IEmployeService - Out addOrUpdateEmploye
