2020-10-24 13:10:35 - INFO  - tn.esprit.spring.DepartementServiceImplTest - Starting DepartementServiceImplTest on Waelbenamara with PID 9664 (started by waelb in C:\Users\waelb\OneDrive\Documents\SpringWorkSpace\Integration-continue)
2020-10-24 13:10:35 - INFO  - tn.esprit.spring.DepartementServiceImplTest - No active profile set, falling back to default profiles: default
2020-10-24 13:10:39 - INFO  - org.hibernate.jpa.internal.util.LogHelper - HHH000204: Processing PersistenceUnitInfo [name: default]
2020-10-24 13:10:39 - INFO  - org.hibernate.Version - HHH000412: Hibernate ORM core version 5.4.21.Final
2020-10-24 13:10:40 - INFO  - org.hibernate.annotations.common.Version - HCANN000001: Hibernate Commons Annotations {5.1.0.Final}
2020-10-24 13:10:40 - WARN  - o.s.b.a.orm.jpa.JpaBaseConfiguration$JpaWebConfiguration - spring.jpa.open-in-view is enabled by default. Therefore, database queries may be performed during view rendering. Explicitly configure spring.jpa.open-in-view to disable this warning
2020-10-24 13:10:41 - INFO  - org.hibernate.dialect.Dialect - HHH000400: Using dialect: org.hibernate.dialect.MySQL5InnoDBDialect
2020-10-24 13:10:43 - INFO  - o.h.e.transaction.jta.platform.internal.JtaPlatformInitiator - HHH000490: Using JtaPlatform implementation: [org.hibernate.engine.transaction.jta.platform.internal.NoJtaPlatform]
2020-10-24 13:10:43 - INFO  - tn.esprit.spring.DepartementServiceImplTest - Started DepartementServiceImplTest in 8.9 seconds (JVM running for 10.628)
2020-10-24 13:11:09 - INFO  - tn.esprit.spring.EmployeServiceImplTest - Starting EmployeServiceImplTest on Waelbenamara with PID 5656 (started by waelb in C:\Users\waelb\OneDrive\Documents\SpringWorkSpace\Integration-continue)
2020-10-24 13:11:09 - INFO  - tn.esprit.spring.EmployeServiceImplTest - No active profile set, falling back to default profiles: default
2020-10-24 13:11:13 - INFO  - org.hibernate.jpa.internal.util.LogHelper - HHH000204: Processing PersistenceUnitInfo [name: default]
2020-10-24 13:11:13 - INFO  - org.hibernate.Version - HHH000412: Hibernate ORM core version 5.4.21.Final
2020-10-24 13:11:13 - INFO  - org.hibernate.annotations.common.Version - HCANN000001: Hibernate Commons Annotations {5.1.0.Final}
2020-10-24 13:11:13 - WARN  - o.s.b.a.orm.jpa.JpaBaseConfiguration$JpaWebConfiguration - spring.jpa.open-in-view is enabled by default. Therefore, database queries may be performed during view rendering. Explicitly configure spring.jpa.open-in-view to disable this warning
2020-10-24 13:11:14 - INFO  - org.hibernate.dialect.Dialect - HHH000400: Using dialect: org.hibernate.dialect.MySQL5InnoDBDialect
2020-10-24 13:11:17 - INFO  - o.h.e.transaction.jta.platform.internal.JtaPlatformInitiator - HHH000490: Using JtaPlatform implementation: [org.hibernate.engine.transaction.jta.platform.internal.NoJtaPlatform]
2020-10-24 13:11:17 - INFO  - tn.esprit.spring.EmployeServiceImplTest - Started EmployeServiceImplTest in 8.956 seconds (JVM running for 10.919)
2020-10-24 13:11:18 - INFO  - tn.esprit.spring.services.EmployeServiceImpl - In addOrUpdateEmploye
2020-10-24 13:11:18 - INFO  - tn.esprit.spring.services.EmployeServiceImpl - Out addOrUpdateEmploye
2020-10-24 13:11:18 - INFO  - tn.esprit.spring.services.EmployeServiceImpl -  In getNombreEmployeJPQL
2020-10-24 13:11:18 - INFO  - tn.esprit.spring.services.EmployeServiceImpl -  Out getNombreEmployeJPQL
2020-10-24 13:11:18 - INFO  - tn.esprit.spring.services.EmployeServiceImpl - In addOrUpdateEmploye
2020-10-24 13:11:18 - INFO  - tn.esprit.spring.services.EmployeServiceImpl - Out addOrUpdateEmploye
2020-10-24 13:11:18 - INFO  - tn.esprit.spring.services.EmployeServiceImpl - In getEmployePrenomById where id= 53
2020-10-24 13:11:18 - INFO  - tn.esprit.spring.services.EmployeServiceImpl - Name_user returned :benamara
2020-10-24 13:12:13 - INFO  - tn.esprit.spring.EmployeServiceImplTest - Starting EmployeServiceImplTest on Waelbenamara with PID 17860 (started by waelb in C:\Users\waelb\OneDrive\Documents\SpringWorkSpace\Integration-continue)
2020-10-24 13:12:13 - INFO  - tn.esprit.spring.EmployeServiceImplTest - No active profile set, falling back to default profiles: default
2020-10-24 13:12:16 - INFO  - org.hibernate.jpa.internal.util.LogHelper - HHH000204: Processing PersistenceUnitInfo [name: default]
2020-10-24 13:12:16 - INFO  - org.hibernate.Version - HHH000412: Hibernate ORM core version 5.4.21.Final
2020-10-24 13:12:17 - INFO  - org.hibernate.annotations.common.Version - HCANN000001: Hibernate Commons Annotations {5.1.0.Final}
2020-10-24 13:12:17 - WARN  - o.s.b.a.orm.jpa.JpaBaseConfiguration$JpaWebConfiguration - spring.jpa.open-in-view is enabled by default. Therefore, database queries may be performed during view rendering. Explicitly configure spring.jpa.open-in-view to disable this warning
2020-10-24 13:12:18 - INFO  - org.hibernate.dialect.Dialect - HHH000400: Using dialect: org.hibernate.dialect.MySQL5InnoDBDialect
2020-10-24 13:12:20 - INFO  - o.h.e.transaction.jta.platform.internal.JtaPlatformInitiator - HHH000490: Using JtaPlatform implementation: [org.hibernate.engine.transaction.jta.platform.internal.NoJtaPlatform]
2020-10-24 13:12:21 - INFO  - tn.esprit.spring.EmployeServiceImplTest - Started EmployeServiceImplTest in 8.743 seconds (JVM running for 10.52)
2020-10-24 13:12:21 - INFO  - tn.esprit.spring.services.EmployeServiceImpl - In addOrUpdateEmploye
2020-10-24 13:12:21 - INFO  - tn.esprit.spring.services.EmployeServiceImpl - Out addOrUpdateEmploye
2020-10-24 13:12:21 - INFO  - tn.esprit.spring.services.EmployeServiceImpl -  In getNombreEmployeJPQL
2020-10-24 13:12:21 - INFO  - tn.esprit.spring.services.EmployeServiceImpl -  Out getNombreEmployeJPQL
2020-10-24 13:12:21 - INFO  - tn.esprit.spring.services.EmployeServiceImpl - In addOrUpdateEmploye
2020-10-24 13:12:21 - INFO  - tn.esprit.spring.services.EmployeServiceImpl - Out addOrUpdateEmploye
2020-10-24 13:12:21 - INFO  - tn.esprit.spring.services.EmployeServiceImpl - In getEmployePrenomById where id= 55
2020-10-24 13:12:21 - INFO  - tn.esprit.spring.services.EmployeServiceImpl - Name_user returned :benamara
2020-10-24 13:12:21 - INFO  - tn.esprit.spring.services.EmployeServiceImpl - In addOrUpdateEmploye
2020-10-24 13:12:21 - INFO  - tn.esprit.spring.services.EmployeServiceImpl - Out addOrUpdateEmploye
2020-10-24 13:12:21 - INFO  - tn.esprit.spring.services.EmployeServiceImpl - In mettreAjourEmailByEmployeId
2020-10-24 13:12:21 - INFO  - tn.esprit.spring.services.EmployeServiceImpl - Out mettreAjourEmailByEmployeId
2020-10-24 13:15:43 - INFO  - tn.esprit.spring.EmployeServiceImplTest - Starting EmployeServiceImplTest on Waelbenamara with PID 22980 (started by waelb in C:\Users\waelb\OneDrive\Documents\SpringWorkSpace\Integration-continue)
2020-10-24 13:15:43 - INFO  - tn.esprit.spring.EmployeServiceImplTest - No active profile set, falling back to default profiles: default
2020-10-24 13:15:46 - INFO  - org.hibernate.jpa.internal.util.LogHelper - HHH000204: Processing PersistenceUnitInfo [name: default]
2020-10-24 13:15:46 - INFO  - org.hibernate.Version - HHH000412: Hibernate ORM core version 5.4.21.Final
2020-10-24 13:15:47 - INFO  - org.hibernate.annotations.common.Version - HCANN000001: Hibernate Commons Annotations {5.1.0.Final}
2020-10-24 13:15:47 - WARN  - o.s.b.a.orm.jpa.JpaBaseConfiguration$JpaWebConfiguration - spring.jpa.open-in-view is enabled by default. Therefore, database queries may be performed during view rendering. Explicitly configure spring.jpa.open-in-view to disable this warning
2020-10-24 13:15:48 - INFO  - org.hibernate.dialect.Dialect - HHH000400: Using dialect: org.hibernate.dialect.MySQL5InnoDBDialect
2020-10-24 13:15:50 - INFO  - o.h.e.transaction.jta.platform.internal.JtaPlatformInitiator - HHH000490: Using JtaPlatform implementation: [org.hibernate.engine.transaction.jta.platform.internal.NoJtaPlatform]
2020-10-24 13:15:51 - INFO  - tn.esprit.spring.EmployeServiceImplTest - Started EmployeServiceImplTest in 8.769 seconds (JVM running for 10.672)
2020-10-24 13:15:51 - INFO  - tn.esprit.spring.services.EmployeServiceImpl - In getAllEmployes
2020-10-24 13:15:51 - INFO  - tn.esprit.spring.services.EmployeServiceImpl - In addOrUpdateEmploye
2020-10-24 13:15:51 - INFO  - tn.esprit.spring.services.EmployeServiceImpl - Out addOrUpdateEmploye
2020-10-24 13:15:51 - INFO  - tn.esprit.spring.services.EmployeServiceImpl -  In getNombreEmployeJPQL
2020-10-24 13:15:51 - INFO  - tn.esprit.spring.services.EmployeServiceImpl -  Out getNombreEmployeJPQL
2020-10-24 13:15:51 - INFO  - tn.esprit.spring.services.EmployeServiceImpl - In addOrUpdateEmploye
2020-10-24 13:15:51 - INFO  - tn.esprit.spring.services.EmployeServiceImpl - Out addOrUpdateEmploye
2020-10-24 13:15:51 - INFO  - tn.esprit.spring.services.EmployeServiceImpl - In getEmployePrenomById where id= 58
2020-10-24 13:15:51 - INFO  - tn.esprit.spring.services.EmployeServiceImpl - Name_user returned :benamara
2020-10-24 13:15:51 - INFO  - tn.esprit.spring.services.EmployeServiceImpl - In addOrUpdateEmploye
2020-10-24 13:15:51 - INFO  - tn.esprit.spring.services.EmployeServiceImpl - Out addOrUpdateEmploye
2020-10-24 13:15:51 - INFO  - tn.esprit.spring.services.EmployeServiceImpl - In mettreAjourEmailByEmployeId
2020-10-24 13:15:51 - INFO  - tn.esprit.spring.services.EmployeServiceImpl - Out mettreAjourEmailByEmployeId
2020-10-24 13:16:54 - INFO  - tn.esprit.spring.EmployeServiceImplTest - Starting EmployeServiceImplTest on Waelbenamara with PID 12644 (started by waelb in C:\Users\waelb\OneDrive\Documents\SpringWorkSpace\Integration-continue)
2020-10-24 13:16:54 - INFO  - tn.esprit.spring.EmployeServiceImplTest - No active profile set, falling back to default profiles: default
2020-10-24 13:16:57 - INFO  - org.hibernate.jpa.internal.util.LogHelper - HHH000204: Processing PersistenceUnitInfo [name: default]
2020-10-24 13:16:58 - INFO  - org.hibernate.Version - HHH000412: Hibernate ORM core version 5.4.21.Final
2020-10-24 13:16:58 - INFO  - org.hibernate.annotations.common.Version - HCANN000001: Hibernate Commons Annotations {5.1.0.Final}
2020-10-24 13:16:58 - WARN  - o.s.b.a.orm.jpa.JpaBaseConfiguration$JpaWebConfiguration - spring.jpa.open-in-view is enabled by default. Therefore, database queries may be performed during view rendering. Explicitly configure spring.jpa.open-in-view to disable this warning
2020-10-24 13:16:59 - INFO  - org.hibernate.dialect.Dialect - HHH000400: Using dialect: org.hibernate.dialect.MySQL5InnoDBDialect
2020-10-24 13:17:01 - INFO  - o.h.e.transaction.jta.platform.internal.JtaPlatformInitiator - HHH000490: Using JtaPlatform implementation: [org.hibernate.engine.transaction.jta.platform.internal.NoJtaPlatform]
2020-10-24 13:17:02 - INFO  - tn.esprit.spring.EmployeServiceImplTest - Started EmployeServiceImplTest in 8.806 seconds (JVM running for 10.565)
2020-10-24 13:17:02 - INFO  - tn.esprit.spring.services.EmployeServiceImpl - In getAllEmployes
2020-10-24 13:17:02 - INFO  - tn.esprit.spring.services.EmployeServiceImpl -  Out getAllEmployes
2020-10-24 13:17:02 - INFO  - tn.esprit.spring.services.EmployeServiceImpl - In addOrUpdateEmploye
2020-10-24 13:17:02 - INFO  - tn.esprit.spring.services.EmployeServiceImpl - Out addOrUpdateEmploye
2020-10-24 13:17:02 - INFO  - tn.esprit.spring.services.EmployeServiceImpl -  In getNombreEmployeJPQL
2020-10-24 13:17:03 - INFO  - tn.esprit.spring.services.EmployeServiceImpl -  Out getNombreEmployeJPQL
2020-10-24 13:17:03 - INFO  - tn.esprit.spring.services.EmployeServiceImpl - In addOrUpdateEmploye
2020-10-24 13:17:03 - INFO  - tn.esprit.spring.services.EmployeServiceImpl - Out addOrUpdateEmploye
2020-10-24 13:17:03 - INFO  - tn.esprit.spring.services.EmployeServiceImpl - In getEmployePrenomById where id= 61
2020-10-24 13:17:03 - INFO  - tn.esprit.spring.services.EmployeServiceImpl - Name_user returned :benamara
2020-10-24 13:17:03 - INFO  - tn.esprit.spring.services.EmployeServiceImpl - In addOrUpdateEmploye
2020-10-24 13:17:03 - INFO  - tn.esprit.spring.services.EmployeServiceImpl - Out addOrUpdateEmploye
2020-10-24 13:17:03 - INFO  - tn.esprit.spring.services.EmployeServiceImpl - In mettreAjourEmailByEmployeId
2020-10-24 13:17:03 - INFO  - tn.esprit.spring.services.EmployeServiceImpl - Out mettreAjourEmailByEmployeId
2020-10-24 13:17:33 - INFO  - tn.esprit.spring.EmployeServiceImplTest - Starting EmployeServiceImplTest on Waelbenamara with PID 21520 (started by waelb in C:\Users\waelb\OneDrive\Documents\SpringWorkSpace\Integration-continue)
2020-10-24 13:17:33 - INFO  - tn.esprit.spring.EmployeServiceImplTest - No active profile set, falling back to default profiles: default
2020-10-24 13:17:36 - INFO  - org.hibernate.jpa.internal.util.LogHelper - HHH000204: Processing PersistenceUnitInfo [name: default]
2020-10-24 13:17:36 - INFO  - org.hibernate.Version - HHH000412: Hibernate ORM core version 5.4.21.Final
2020-10-24 13:17:37 - INFO  - org.hibernate.annotations.common.Version - HCANN000001: Hibernate Commons Annotations {5.1.0.Final}
2020-10-24 13:17:37 - WARN  - o.s.b.a.orm.jpa.JpaBaseConfiguration$JpaWebConfiguration - spring.jpa.open-in-view is enabled by default. Therefore, database queries may be performed during view rendering. Explicitly configure spring.jpa.open-in-view to disable this warning
2020-10-24 13:17:38 - INFO  - org.hibernate.dialect.Dialect - HHH000400: Using dialect: org.hibernate.dialect.MySQL5InnoDBDialect
2020-10-24 13:17:40 - INFO  - o.h.e.transaction.jta.platform.internal.JtaPlatformInitiator - HHH000490: Using JtaPlatform implementation: [org.hibernate.engine.transaction.jta.platform.internal.NoJtaPlatform]
2020-10-24 13:17:40 - INFO  - tn.esprit.spring.EmployeServiceImplTest - Started EmployeServiceImplTest in 8.474 seconds (JVM running for 10.387)
2020-10-24 13:17:41 - INFO  - tn.esprit.spring.services.EmployeServiceImpl - In getAllEmployes
2020-10-24 13:17:41 - INFO  - tn.esprit.spring.services.EmployeServiceImpl -  Out getAllEmployes
2020-10-24 13:17:41 - INFO  - tn.esprit.spring.services.EmployeServiceImpl - In addOrUpdateEmploye
2020-10-24 13:17:41 - INFO  - tn.esprit.spring.services.EmployeServiceImpl - Out addOrUpdateEmploye
2020-10-24 13:17:41 - INFO  - tn.esprit.spring.services.EmployeServiceImpl -  In getNombreEmployeJPQL
2020-10-24 13:17:41 - INFO  - tn.esprit.spring.services.EmployeServiceImpl -  Out getNombreEmployeJPQL
2020-10-24 13:17:41 - INFO  - tn.esprit.spring.services.EmployeServiceImpl - In addOrUpdateEmploye
2020-10-24 13:17:41 - INFO  - tn.esprit.spring.services.EmployeServiceImpl - Out addOrUpdateEmploye
2020-10-24 13:17:41 - INFO  - tn.esprit.spring.services.EmployeServiceImpl - In getEmployePrenomById where id= 64
2020-10-24 13:17:41 - INFO  - tn.esprit.spring.services.EmployeServiceImpl - Name_user returned :benamara
2020-10-24 13:17:41 - INFO  - tn.esprit.spring.services.EmployeServiceImpl - In addOrUpdateEmploye
2020-10-24 13:17:41 - INFO  - tn.esprit.spring.services.EmployeServiceImpl - Out addOrUpdateEmploye
2020-10-24 13:17:41 - INFO  - tn.esprit.spring.services.EmployeServiceImpl - In mettreAjourEmailByEmployeId
2020-10-24 13:17:41 - INFO  - tn.esprit.spring.services.EmployeServiceImpl - Out mettreAjourEmailByEmployeId
2020-10-24 13:18:05 - INFO  - tn.esprit.spring.EmployeServiceImplTest - Starting EmployeServiceImplTest on Waelbenamara with PID 20016 (started by waelb in C:\Users\waelb\OneDrive\Documents\SpringWorkSpace\Integration-continue)
2020-10-24 13:18:05 - INFO  - tn.esprit.spring.EmployeServiceImplTest - No active profile set, falling back to default profiles: default
2020-10-24 13:18:08 - INFO  - org.hibernate.jpa.internal.util.LogHelper - HHH000204: Processing PersistenceUnitInfo [name: default]
2020-10-24 13:18:08 - INFO  - org.hibernate.Version - HHH000412: Hibernate ORM core version 5.4.21.Final
2020-10-24 13:18:09 - INFO  - org.hibernate.annotations.common.Version - HCANN000001: Hibernate Commons Annotations {5.1.0.Final}
2020-10-24 13:18:09 - WARN  - o.s.b.a.orm.jpa.JpaBaseConfiguration$JpaWebConfiguration - spring.jpa.open-in-view is enabled by default. Therefore, database queries may be performed during view rendering. Explicitly configure spring.jpa.open-in-view to disable this warning
2020-10-24 13:18:10 - INFO  - org.hibernate.dialect.Dialect - HHH000400: Using dialect: org.hibernate.dialect.MySQL5InnoDBDialect
2020-10-24 13:18:12 - INFO  - o.h.e.transaction.jta.platform.internal.JtaPlatformInitiator - HHH000490: Using JtaPlatform implementation: [org.hibernate.engine.transaction.jta.platform.internal.NoJtaPlatform]
2020-10-24 13:18:12 - INFO  - tn.esprit.spring.EmployeServiceImplTest - Started EmployeServiceImplTest in 8.232 seconds (JVM running for 10.035)
2020-10-24 13:18:13 - INFO  - tn.esprit.spring.services.EmployeServiceImpl - In getAllEmployes
2020-10-24 13:18:13 - INFO  - tn.esprit.spring.services.EmployeServiceImpl -  Out getAllEmployes
2020-10-24 13:18:13 - INFO  - tn.esprit.spring.services.EmployeServiceImpl - In addOrUpdateEmploye
2020-10-24 13:18:13 - INFO  - tn.esprit.spring.services.EmployeServiceImpl - Out addOrUpdateEmploye
2020-10-24 13:18:13 - INFO  - tn.esprit.spring.services.EmployeServiceImpl -  In getNombreEmployeJPQL
2020-10-24 13:18:13 - INFO  - tn.esprit.spring.services.EmployeServiceImpl -  Out getNombreEmployeJPQL
2020-10-24 13:18:13 - INFO  - tn.esprit.spring.services.EmployeServiceImpl - In addOrUpdateEmploye
2020-10-24 13:18:13 - INFO  - tn.esprit.spring.services.EmployeServiceImpl - Out addOrUpdateEmploye
2020-10-24 13:18:13 - INFO  - tn.esprit.spring.services.EmployeServiceImpl - In getEmployePrenomById where id= 67
2020-10-24 13:18:13 - INFO  - tn.esprit.spring.services.EmployeServiceImpl - Name_user returned :benamara
2020-10-24 13:18:13 - INFO  - tn.esprit.spring.services.EmployeServiceImpl - In addOrUpdateEmploye
2020-10-24 13:18:13 - INFO  - tn.esprit.spring.services.EmployeServiceImpl - Out addOrUpdateEmploye
2020-10-24 13:18:13 - INFO  - tn.esprit.spring.services.EmployeServiceImpl - In mettreAjourEmailByEmployeId
2020-10-24 13:18:13 - INFO  - tn.esprit.spring.services.EmployeServiceImpl - Out mettreAjourEmailByEmployeId
2020-10-24 14:59:09 - INFO  - tn.esprit.spring.TimesheetApplication - Starting TimesheetApplication on Waelbenamara with PID 13048 (C:\Users\waelb\OneDrive\Documents\SpringWorkSpace\Integration-continue\src\main\webapp\WEB-INF\classes started by waelb in C:\Users\waelb\OneDrive\Documents\SpringWorkSpace\Integration-continue)
2020-10-24 14:59:09 - INFO  - tn.esprit.spring.TimesheetApplication - No active profile set, falling back to default profiles: default
2020-10-24 14:59:11 - INFO  - org.apache.catalina.core.StandardService - Starting service [Tomcat]
2020-10-24 14:59:11 - INFO  - org.apache.catalina.core.StandardEngine - Starting Servlet engine: [Apache Tomcat/9.0.38]
2020-10-24 14:59:12 - INFO  - org.apache.jasper.servlet.TldScanner - At least one JAR was scanned for TLDs yet contained no TLDs. Enable debug logging for this logger for a complete list of JARs that were scanned but no TLDs were found in them. Skipping unneeded JARs during scanning can improve startup time and JSP compilation time.
2020-10-24 14:59:12 - INFO  - o.a.c.core.ContainerBase.[Tomcat].[localhost].[/SpringMVC] - Initializing Spring embedded WebApplicationContext
2020-10-24 14:59:12 - INFO  - org.apache.myfaces.config.DefaultFacesConfigurationProvider - Reading standard config META-INF/standard-faces-config.xml
2020-10-24 14:59:13 - INFO  - org.apache.myfaces.config.DefaultFacesConfigurationProvider - Reading config /WEB-INF/faces-config.xml
2020-10-24 14:59:13 - INFO  - org.apache.myfaces.config.DefaultFacesConfigurationProvider - Reading config : jar:file:/C:/Users/waelb/.m2/repository/org/ocpsoft/rewrite/rewrite-integration-faces/3.4.1.Final/rewrite-integration-faces-3.4.1.Final.jar!/META-INF/faces-config.xml
2020-10-24 14:59:13 - INFO  - org.apache.myfaces.config.DefaultFacesConfigurationProvider - Reading config : jar:file:/C:/Users/waelb/.m2/repository/org/ocpsoft/rewrite/rewrite-config-prettyfaces/3.4.1.Final/rewrite-config-prettyfaces-3.4.1.Final.jar!/META-INF/faces-config.xml
2020-10-24 14:59:13 - INFO  - org.apache.myfaces.config.DefaultFacesConfigurationProvider - Reading config : jar:file:/C:/Users/waelb/.m2/repository/org/primefaces/primefaces/6.1/primefaces-6.1.jar!/META-INF/faces-config.xml
2020-10-24 14:59:13 - INFO  - org.apache.myfaces.config.LogMetaInfUtils - Artifact 'myfaces-api' was found in version '2.2.12' from path 'file:/C:/Users/waelb/.m2/repository/org/apache/myfaces/core/myfaces-api/2.2.12/myfaces-api-2.2.12.jar'
2020-10-24 14:59:13 - INFO  - org.apache.myfaces.config.LogMetaInfUtils - Artifact 'myfaces-impl' was found in version '2.2.12' from path 'file:/C:/Users/waelb/.m2/repository/org/apache/myfaces/core/myfaces-impl/2.2.12/myfaces-impl-2.2.12.jar'
2020-10-24 14:59:13 - INFO  - org.apache.myfaces.util.ExternalSpecifications - MyFaces CDI support disabled
2020-10-24 14:59:13 - INFO  - org.apache.myfaces.spi.impl.DefaultInjectionProviderFactory - Using InjectionProvider org.apache.myfaces.spi.impl.Tomcat7AnnotationInjectionProvider
2020-10-24 14:59:14 - INFO  - org.apache.myfaces.util.ExternalSpecifications - MyFaces Bean Validation support enabled
2020-10-24 14:59:14 - INFO  - unknown.jul.logger - RewritePhaseListener starting up.
2020-10-24 14:59:14 - INFO  - org.apache.myfaces.application.ApplicationImpl - Couldn't discover the current project stage, using Production
2020-10-24 14:59:14 - INFO  - org.apache.myfaces.config.FacesConfigurator - Serialization provider : class org.apache.myfaces.shared_impl.util.serial.DefaultSerialFactory
2020-10-24 14:59:14 - INFO  - o.a.m.config.annotation.DefaultLifecycleProviderFactory - Using LifecycleProvider org.apache.myfaces.config.annotation.Tomcat7AnnotationLifecycleProvider
2020-10-24 14:59:14 - INFO  - org.primefaces.webapp.PostConstructApplicationEventListener - Running on PrimeFaces 6.1
2020-10-24 14:59:14 - INFO  - org.apache.myfaces.webapp.AbstractFacesInitializer - ServletContext initialized.
2020-10-24 14:59:14 - INFO  - org.apache.myfaces.webapp.WebConfigParamsLogger - Tomahawk jar not available. Autoscrolling, DetectJavascript, AddResourceClass and CheckExtensionsFilter are disabled now.
2020-10-24 14:59:14 - INFO  - org.apache.myfaces.webapp.WebConfigParamsLogger - Scanning for context init parameters not defined. It is not necessary to define them all into your web.xml, they are just provided here for informative purposes. To disable this messages set org.apache.myfaces.LOG_WEB_CONTEXT_PARAMS config param to 'false'
2020-10-24 14:59:14 - INFO  - org.apache.myfaces.webapp.WebConfigParamsLogger - No context init parameter 'javax.faces.RESOURCE_EXCLUDES' found, using default value '.class .jsp .jspx .properties .xhtml .groovy'.
2020-10-24 14:59:14 - INFO  - org.apache.myfaces.webapp.WebConfigParamsLogger - No context init parameter 'javax.faces.STATE_SAVING_METHOD' found, using default value 'server'.
2020-10-24 14:59:14 - INFO  - org.apache.myfaces.webapp.WebConfigParamsLogger - No context init parameter 'javax.faces.FULL_STATE_SAVING_VIEW_IDS' found.
2020-10-24 14:59:14 - INFO  - org.apache.myfaces.webapp.WebConfigParamsLogger - No context init parameter 'javax.faces.PARTIAL_STATE_SAVING' found, using default value 'true (false with 1.2 webapps)'.
2020-10-24 14:59:14 - INFO  - org.apache.myfaces.webapp.WebConfigParamsLogger - No context init parameter 'javax.faces.SERIALIZE_SERVER_STATE' found, using default value 'false'.
2020-10-24 14:59:14 - INFO  - org.apache.myfaces.webapp.WebConfigParamsLogger - No context init parameter 'javax.faces.DEFAULT_SUFFIX' found, using default value '.xhtml .view.xml .jsp'.
2020-10-24 14:59:14 - INFO  - org.apache.myfaces.webapp.WebConfigParamsLogger - No context init parameter 'javax.faces.FACELETS_SUFFIX' found, using default value '.xhtml'.
2020-10-24 14:59:14 - INFO  - org.apache.myfaces.webapp.WebConfigParamsLogger - No context init parameter 'javax.faces.FACELETS_VIEW_MAPPINGS' found.
2020-10-24 14:59:14 - INFO  - org.apache.myfaces.webapp.WebConfigParamsLogger - No context init parameter 'DISABLE_FACELET_JSF_VIEWHANDLER' found.
2020-10-24 14:59:14 - INFO  - org.apache.myfaces.webapp.WebConfigParamsLogger - No context init parameter 'javax.faces.FACELETS_BUFFER_SIZE' found, using default value '1024'.
2020-10-24 14:59:14 - INFO  - org.apache.myfaces.webapp.WebConfigParamsLogger - No context init parameter 'javax.faces.FACELETS_DECORATORS' found.
2020-10-24 14:59:14 - INFO  - org.apache.myfaces.webapp.WebConfigParamsLogger - No context init parameter 'javax.faces.FACELETS_LIBRARIES' found.
2020-10-24 14:59:14 - INFO  - org.apache.myfaces.webapp.WebConfigParamsLogger - No context init parameter 'javax.faces.FACELETS_REFRESH_PERIOD' found, using default value '-1'.
2020-10-24 14:59:14 - INFO  - org.apache.myfaces.webapp.WebConfigParamsLogger - No context init parameter 'javax.faces.FACELETS_SKIP_COMMENTS' found.
2020-10-24 14:59:14 - INFO  - org.apache.myfaces.webapp.WebConfigParamsLogger - No context init parameter 'javax.faces.HONOR_CURRENT_COMPONENT_ATTRIBUTES' found, using default value 'false'.
2020-10-24 14:59:14 - INFO  - org.apache.myfaces.webapp.WebConfigParamsLogger - No context init parameter 'javax.faces.VALIDATE_EMPTY_FIELDS' found, using default value 'auto'.
2020-10-24 14:59:14 - INFO  - org.apache.myfaces.webapp.WebConfigParamsLogger - No context init parameter 'javax.faces.INTERPRET_EMPTY_STRING_SUBMITTED_VALUES_AS_NULL' found, using default value 'false'.
2020-10-24 14:59:14 - INFO  - org.apache.myfaces.webapp.WebConfigParamsLogger - No context init parameter 'javax.faces.DATETIMECONVERTER_DEFAULT_TIMEZONE_IS_SYSTEM_TIMEZONE' found, using default value 'false'.
2020-10-24 14:59:14 - INFO  - org.apache.myfaces.webapp.WebConfigParamsLogger - No context init parameter 'org.apache.myfaces.ENUM_CONVERTER_ALLOW_STRING_PASSTROUGH' found, using default value 'false'.
2020-10-24 14:59:14 - INFO  - org.apache.myfaces.webapp.WebConfigParamsLogger - No context init parameter 'javax.faces.validator.DISABLE_DEFAULT_BEAN_VALIDATOR' found, using default value 'true'.
2020-10-24 14:59:14 - INFO  - org.apache.myfaces.webapp.WebConfigParamsLogger - No context init parameter 'javax.faces.CONFIG_FILES' found.
2020-10-24 14:59:14 - INFO  - org.apache.myfaces.webapp.WebConfigParamsLogger - No context init parameter 'javax.faces.LIFECYCLE_ID' found.
2020-10-24 14:59:14 - INFO  - org.apache.myfaces.webapp.WebConfigParamsLogger - No context init parameter 'org.apache.myfaces.ERROR_HANDLER' found.
2020-10-24 14:59:14 - INFO  - org.apache.myfaces.webapp.WebConfigParamsLogger - No context init parameter 'org.apache.myfaces.CHECKED_VIEWID_CACHE_SIZE' found, using default value '500'.
2020-10-24 14:59:14 - INFO  - org.apache.myfaces.webapp.WebConfigParamsLogger - No context init parameter 'org.apache.myfaces.CHECKED_VIEWID_CACHE_ENABLED' found, using default value 'true'.
2020-10-24 14:59:14 - INFO  - org.apache.myfaces.webapp.WebConfigParamsLogger - No context init parameter 'org.apache.myfaces.PRETTY_HTML' found, using default value 'true'.
2020-10-24 14:59:14 - INFO  - org.apache.myfaces.webapp.WebConfigParamsLogger - No context init parameter 'org.apache.myfaces.ALLOW_JAVASCRIPT' found, using default value 'true'.
2020-10-24 14:59:14 - INFO  - org.apache.myfaces.webapp.WebConfigParamsLogger - No context init parameter 'org.apache.myfaces.CONFIG_REFRESH_PERIOD' found, using default value '2'.
2020-10-24 14:59:14 - INFO  - org.apache.myfaces.webapp.WebConfigParamsLogger - No context init parameter 'org.apache.myfaces.VIEWSTATE_JAVASCRIPT' found, using default value 'false'.
2020-10-24 14:59:14 - INFO  - org.apache.myfaces.webapp.WebConfigParamsLogger - No context init parameter 'org.apache.myfaces.RENDER_VIEWSTATE_ID' found, using default value 'true'.
2020-10-24 14:59:14 - INFO  - org.apache.myfaces.webapp.WebConfigParamsLogger - No context init parameter 'org.apache.myfaces.STRICT_XHTML_LINKS' found, using default value 'true'.
2020-10-24 14:59:14 - INFO  - org.apache.myfaces.webapp.WebConfigParamsLogger - No context init parameter 'org.apache.myfaces.RENDER_CLEAR_JAVASCRIPT_FOR_BUTTON' found, using default value 'false'.
2020-10-24 14:59:14 - INFO  - org.apache.myfaces.webapp.WebConfigParamsLogger - No context init parameter 'org.apache.myfaces.RENDER_HIDDEN_FIELDS_FOR_LINK_PARAMS' found, using default value 'false'.
2020-10-24 14:59:14 - INFO  - org.apache.myfaces.webapp.WebConfigParamsLogger - No context init parameter 'org.apache.myfaces.SAVE_FORM_SUBMIT_LINK_IE' found, using default value 'false'.
2020-10-24 14:59:14 - INFO  - org.apache.myfaces.webapp.WebConfigParamsLogger - No context init parameter 'org.apache.myfaces.DELEGATE_FACES_SERVLET' found.
2020-10-24 14:59:14 - INFO  - org.apache.myfaces.webapp.WebConfigParamsLogger - No context init parameter 'org.apache.myfaces.REFRESH_TRANSIENT_BUILD_ON_PSS' found, using default value 'auto'.
2020-10-24 14:59:14 - INFO  - org.apache.myfaces.webapp.WebConfigParamsLogger - No context init parameter 'org.apache.myfaces.REFRESH_TRANSIENT_BUILD_ON_PSS_PRESERVE_STATE' found, using default value 'false'.
2020-10-24 14:59:14 - INFO  - org.apache.myfaces.webapp.WebConfigParamsLogger - No context init parameter 'org.apache.myfaces.VALIDATE_XML' found.
2020-10-24 14:59:14 - INFO  - org.apache.myfaces.webapp.WebConfigParamsLogger - No context init parameter 'org.apache.myfaces.WRAP_SCRIPT_CONTENT_WITH_XML_COMMENT_TAG' found, using default value 'false'.
2020-10-24 14:59:14 - INFO  - org.apache.myfaces.webapp.WebConfigParamsLogger - No context init parameter 'org.apache.myfaces.RENDER_FORM_SUBMIT_SCRIPT_INLINE' found, using default value 'false'.
2020-10-24 14:59:14 - INFO  - org.apache.myfaces.webapp.WebConfigParamsLogger - No context init parameter 'org.apache.myfaces.DEBUG_PHASE_LISTENER' found.
2020-10-24 14:59:14 - INFO  - org.apache.myfaces.webapp.WebConfigParamsLogger - No context init parameter 'org.apache.myfaces.STRICT_JSF_2_REFRESH_TARGET_AJAX' found, using default value 'false'.
2020-10-24 14:59:14 - INFO  - org.apache.myfaces.webapp.WebConfigParamsLogger - No context init parameter 'org.apache.myfaces.STRICT_JSF_2_CC_EL_RESOLVER' found, using default value 'false'.
2020-10-24 14:59:14 - INFO  - org.apache.myfaces.webapp.WebConfigParamsLogger - No context init parameter 'org.apache.myfaces.DEFAULT_RESPONSE_WRITER_CONTENT_TYPE_MODE' found, using default value 'text/html'.
2020-10-24 14:59:14 - INFO  - org.apache.myfaces.webapp.WebConfigParamsLogger - No context init parameter 'org.apache.myfaces.VIEW_UNIQUE_IDS_CACHE_ENABLED' found, using default value 'true'.
2020-10-24 14:59:14 - INFO  - org.apache.myfaces.webapp.WebConfigParamsLogger - No context init parameter 'org.apache.myfaces.COMPONENT_UNIQUE_IDS_CACHE_SIZE' found, using default value '100'.
2020-10-24 14:59:14 - INFO  - org.apache.myfaces.webapp.WebConfigParamsLogger - No context init parameter 'org.apache.myfaces.SUPPORT_JSP_AND_FACES_EL' found, using default value 'true'.
2020-10-24 14:59:14 - INFO  - org.apache.myfaces.webapp.WebConfigParamsLogger - No context init parameter 'org.apache.myfaces.GAE_JSF_JAR_FILES' found.
2020-10-24 14:59:14 - INFO  - org.apache.myfaces.webapp.WebConfigParamsLogger - No context init parameter 'org.apache.myfaces.GAE_JSF_ANNOTATIONS_JAR_FILES' found.
2020-10-24 14:59:14 - INFO  - org.apache.myfaces.webapp.WebConfigParamsLogger - No context init parameter 'org.apache.myfaces.STRICT_JSF_2_VIEW_NOT_FOUND' found, using default value 'false'.
2020-10-24 14:59:14 - INFO  - org.apache.myfaces.webapp.WebConfigParamsLogger - No context init parameter 'org.apache.myfaces.EARLY_FLUSH_ENABLED' found, using default value 'false'.
2020-10-24 14:59:14 - INFO  - org.apache.myfaces.webapp.WebConfigParamsLogger - No context init parameter 'org.apache.myfaces.CDI_MANAGED_CONVERTERS_ENABLED' found, using default value 'false'.
2020-10-24 14:59:14 - INFO  - org.apache.myfaces.webapp.WebConfigParamsLogger - No context init parameter 'org.apache.myfaces.CDI_MANAGED_VALIDATORS_ENABLED' found, using default value 'false'.
2020-10-24 14:59:14 - INFO  - org.apache.myfaces.webapp.WebConfigParamsLogger - No context init parameter 'org.apache.myfaces.STRICT_JSF_2_FACELETS_COMPATIBILITY' found, using default value 'false'.
2020-10-24 14:59:14 - INFO  - org.apache.myfaces.webapp.WebConfigParamsLogger - No context init parameter 'org.apache.myfaces.RENDER_FORM_VIEW_STATE_AT_BEGIN' found, using default value 'false'.
2020-10-24 14:59:14 - INFO  - org.apache.myfaces.webapp.WebConfigParamsLogger - No context init parameter 'org.apache.myfaces.FLASH_SCOPE_DISABLED' found, using default value 'false'.
2020-10-24 14:59:14 - INFO  - org.apache.myfaces.webapp.WebConfigParamsLogger - No context init parameter 'org.apache.myfaces.NUMBER_OF_VIEWS_IN_SESSION' found, using default value '20'.
2020-10-24 14:59:14 - INFO  - org.apache.myfaces.webapp.WebConfigParamsLogger - No context init parameter 'org.apache.myfaces.NUMBER_OF_SEQUENTIAL_VIEWS_IN_SESSION' found, using default value '4'.
2020-10-24 14:59:14 - INFO  - org.apache.myfaces.webapp.WebConfigParamsLogger - No context init parameter 'org.apache.myfaces.NUMBER_OF_FLASH_TOKENS_IN_SESSION' found.
2020-10-24 14:59:14 - INFO  - org.apache.myfaces.webapp.WebConfigParamsLogger - No context init parameter 'org.apache.myfaces.FACES_FLOW_CLIENT_WINDOW_IDS_IN_SESSION' found.
2020-10-24 14:59:14 - INFO  - org.apache.myfaces.webapp.WebConfigParamsLogger - No context init parameter 'org.apache.myfaces.SUPPORT_EL_3_IMPORT_HANDLER' found, using default value 'false'.
2020-10-24 14:59:14 - INFO  - org.apache.myfaces.webapp.WebConfigParamsLogger - No context init parameter 'org.apache.myfaces.RESOURCE_MAX_TIME_EXPIRES' found, using default value '604800000'.
2020-10-24 14:59:14 - INFO  - org.apache.myfaces.webapp.WebConfigParamsLogger - No context init parameter 'org.apache.myfaces.RESOURCE_HANDLER_CACHE_SIZE' found, using default value '500'.
2020-10-24 14:59:14 - INFO  - org.apache.myfaces.webapp.WebConfigParamsLogger - No context init parameter 'org.apache.myfaces.RESOURCE_HANDLER_CACHE_ENABLED' found, using default value 'true'.
2020-10-24 14:59:14 - INFO  - org.apache.myfaces.webapp.WebConfigParamsLogger - No context init parameter 'org.apache.myfaces.USE_ENCRYPTION' found, using default value 'true'.
2020-10-24 14:59:14 - INFO  - org.apache.myfaces.webapp.WebConfigParamsLogger - No context init parameter 'org.apache.myfaces.SECRET' found.
2020-10-24 14:59:14 - INFO  - org.apache.myfaces.webapp.WebConfigParamsLogger - No context init parameter 'org.apache.myfaces.ALGORITHM' found, using default value 'DES'.
2020-10-24 14:59:14 - INFO  - org.apache.myfaces.webapp.WebConfigParamsLogger - No context init parameter 'org.apache.myfaces.SECRET.CACHE' found.
2020-10-24 14:59:14 - INFO  - org.apache.myfaces.webapp.WebConfigParamsLogger - No context init parameter 'org.apache.myfaces.ALGORITHM.IV' found.
2020-10-24 14:59:14 - INFO  - org.apache.myfaces.webapp.WebConfigParamsLogger - No context init parameter 'org.apache.myfaces.ALGORITHM.PARAMETERS' found, using default value 'ECB/PKCS5Padding'.
2020-10-24 14:59:14 - INFO  - org.apache.myfaces.webapp.WebConfigParamsLogger - No context init parameter 'org.apache.myfaces.SERIAL_FACTORY' found.
2020-10-24 14:59:14 - INFO  - org.apache.myfaces.webapp.WebConfigParamsLogger - No context init parameter 'org.apache.myfaces.COMPRESS_STATE_IN_CLIENT' found, using default value 'false'.
2020-10-24 14:59:14 - INFO  - org.apache.myfaces.webapp.WebConfigParamsLogger - No context init parameter 'org.apache.myfaces.MAC_ALGORITHM' found, using default value 'HmacSHA1'.
2020-10-24 14:59:14 - INFO  - org.apache.myfaces.webapp.WebConfigParamsLogger - No context init parameter 'org.apache.myfaces.MAC_SECRET' found.
2020-10-24 14:59:14 - INFO  - org.apache.myfaces.webapp.WebConfigParamsLogger - No context init parameter 'org.apache.myfaces.MAC_SECRET.CACHE' found.
2020-10-24 14:59:14 - INFO  - org.apache.myfaces.webapp.WebConfigParamsLogger - No context init parameter 'javax.faces.PROJECT_STAGE' found, using default value 'Production'.
2020-10-24 14:59:14 - INFO  - org.apache.myfaces.webapp.WebConfigParamsLogger - No context init parameter 'org.apache.myfaces.LAZY_LOAD_CONFIG_OBJECTS' found, using default value 'true'.
2020-10-24 14:59:14 - INFO  - org.apache.myfaces.webapp.WebConfigParamsLogger - No context init parameter 'org.apache.myfaces.STRICT_JSF_2_ALLOW_SLASH_LIBRARY_NAME' found, using default value 'false'.
2020-10-24 14:59:14 - INFO  - org.apache.myfaces.webapp.WebConfigParamsLogger - No context init parameter 'org.apache.myfaces.RESOURCE_BUFFER_SIZE' found, using default value '2048'.
2020-10-24 14:59:14 - INFO  - org.apache.myfaces.webapp.WebConfigParamsLogger - No context init parameter 'org.apache.myfaces.RANDOM_KEY_IN_CSRF_SESSION_TOKEN' found, using default value 'none'.
2020-10-24 14:59:14 - INFO  - org.apache.myfaces.webapp.WebConfigParamsLogger - No context init parameter 'org.apache.myfaces.RANDOM_KEY_IN_CSRF_SESSION_TOKEN_LENGTH' found, using default value '16'.
2020-10-24 14:59:14 - INFO  - org.apache.myfaces.webapp.WebConfigParamsLogger - No context init parameter 'org.apache.myfaces.RANDOM_KEY_IN_CSRF_SESSION_TOKEN_SECURE_RANDOM_CLASS' found.
2020-10-24 14:59:14 - INFO  - org.apache.myfaces.webapp.WebConfigParamsLogger - No context init parameter 'org.apache.myfaces.RANDOM_KEY_IN_CSRF_SESSION_TOKEN_SECURE_RANDOM_PROVIDER' found.
2020-10-24 14:59:14 - INFO  - org.apache.myfaces.webapp.WebConfigParamsLogger - No context init parameter 'org.apache.myfaces.RANDOM_KEY_IN_CSRF_SESSION_TOKEN_SECURE_RANDOM_ALGORITM' found, using default value 'SHA1PRNG'.
2020-10-24 14:59:14 - INFO  - org.apache.myfaces.webapp.WebConfigParamsLogger - No context init parameter 'org.apache.myfaces.CLIENT_VIEW_STATE_TIMEOUT' found, using default value '0'.
2020-10-24 14:59:14 - INFO  - org.apache.myfaces.webapp.WebConfigParamsLogger - No context init parameter 'org.apache.myfaces.SERIALIZE_STATE_IN_SESSION' found, using default value 'false'.
2020-10-24 14:59:14 - INFO  - org.apache.myfaces.webapp.WebConfigParamsLogger - No context init parameter 'org.apache.myfaces.COMPRESS_STATE_IN_SESSION' found, using default value 'true'.
2020-10-24 14:59:14 - INFO  - org.apache.myfaces.webapp.WebConfigParamsLogger - No context init parameter 'org.apache.myfaces.CACHE_OLD_VIEWS_IN_SESSION_MODE' found, using default value 'off'.
2020-10-24 14:59:14 - INFO  - org.apache.myfaces.webapp.WebConfigParamsLogger - No context init parameter 'org.apache.myfaces.USE_FLASH_SCOPE_PURGE_VIEWS_IN_SESSION' found, using default value 'false'.
2020-10-24 14:59:14 - INFO  - org.apache.myfaces.webapp.WebConfigParamsLogger - No context init parameter 'org.apache.myfaces.RANDOM_KEY_IN_VIEW_STATE_SESSION_TOKEN' found, using default value 'none'.
2020-10-24 14:59:14 - INFO  - org.apache.myfaces.webapp.WebConfigParamsLogger - No context init parameter 'org.apache.myfaces.RANDOM_KEY_IN_VIEW_STATE_SESSION_TOKEN_LENGTH' found, using default value '8'.
2020-10-24 14:59:14 - INFO  - org.apache.myfaces.webapp.WebConfigParamsLogger - No context init parameter 'org.apache.myfaces.RANDOM_KEY_IN_VIEW_STATE_SESSION_TOKEN_SECURE_RANDOM_CLASS' found.
2020-10-24 14:59:14 - INFO  - org.apache.myfaces.webapp.WebConfigParamsLogger - No context init parameter 'org.apache.myfaces.RANDOM_KEY_IN_VIEW_STATE_SESSION_TOKEN_SECURE_RANDOM_PROVIDER' found.
2020-10-24 14:59:14 - INFO  - org.apache.myfaces.webapp.WebConfigParamsLogger - No context init parameter 'org.apache.myfaces.RANDOM_KEY_IN_VIEW_STATE_SESSION_TOKEN_SECURE_RANDOM_ALGORITM' found, using default value 'SHA1PRNG'.
2020-10-24 14:59:14 - INFO  - org.apache.myfaces.webapp.WebConfigParamsLogger - No context init parameter 'facelets.LIBRARIES' found.
2020-10-24 14:59:14 - INFO  - org.apache.myfaces.webapp.WebConfigParamsLogger - No context init parameter 'org.apache.myfaces.VALIDATE' found, using default value 'false'.
2020-10-24 14:59:14 - INFO  - org.apache.myfaces.webapp.WebConfigParamsLogger - No context init parameter 'org.apache.myfaces.annotation.USE_CDI_FOR_ANNOTATION_SCANNING' found.
2020-10-24 14:59:14 - INFO  - org.apache.myfaces.webapp.WebConfigParamsLogger - No context init parameter 'org.apache.myfaces.annotation.SCAN_PACKAGES' found.
2020-10-24 14:59:14 - INFO  - org.apache.myfaces.webapp.WebConfigParamsLogger - No context init parameter 'org.apache.myfaces.config.annotation.LifecycleProvider' found.
2020-10-24 14:59:14 - INFO  - org.apache.myfaces.webapp.WebConfigParamsLogger - No context init parameter 'org.apache.myfaces.INITIALIZE_SKIP_JAR_FACES_CONFIG_SCAN' found, using default value 'false'.
2020-10-24 14:59:14 - INFO  - org.apache.myfaces.webapp.WebConfigParamsLogger - No context init parameter 'org.apache.myfaces.EL_RESOLVER_COMPARATOR' found.
2020-10-24 14:59:14 - INFO  - org.apache.myfaces.webapp.WebConfigParamsLogger - No context init parameter 'org.apache.myfaces.EL_RESOLVER_PREDICATE' found.
2020-10-24 14:59:14 - INFO  - org.apache.myfaces.webapp.WebConfigParamsLogger - No context init parameter 'org.apache.myfaces.DEFAULT_WINDOW_MODE' found, using default value 'url'.
2020-10-24 14:59:14 - INFO  - org.apache.myfaces.webapp.WebConfigParamsLogger - No context init parameter 'org.apache.myfaces.CHECKED_VIEWID_CACHE_SIZE' found, using default value '500'.
2020-10-24 14:59:14 - INFO  - org.apache.myfaces.webapp.WebConfigParamsLogger - No context init parameter 'org.apache.myfaces.CHECKED_VIEWID_CACHE_ENABLED' found, using default value 'true'.
2020-10-24 14:59:14 - INFO  - org.apache.myfaces.webapp.WebConfigParamsLogger - No context init parameter 'org.apache.myfaces.ERROR_TEMPLATE_RESOURCE' found, using default value 'META-INF/rsc/myfaces-dev-error.xml'.
2020-10-24 14:59:14 - INFO  - org.apache.myfaces.webapp.WebConfigParamsLogger - No context init parameter 'org.apache.myfaces.DEBUG_TEMPLATE_RESOURCE' found, using default value 'META-INF/rsc/myfaces-dev-debug.xml'.
2020-10-24 14:59:14 - INFO  - org.apache.myfaces.webapp.WebConfigParamsLogger - No context init parameter 'org.apache.myfaces.ERROR_HANDLING' found, using default value 'false, on Development Project stage: true'.
2020-10-24 14:59:14 - INFO  - org.apache.myfaces.webapp.WebConfigParamsLogger - No context init parameter 'org.apache.myfaces.HANDLE_STATE_CACHING_MECHANICS' found, using default value 'true'.
2020-10-24 14:59:14 - INFO  - org.apache.myfaces.webapp.WebConfigParamsLogger - No context init parameter 'org.apache.myfaces.AUTOCOMPLETE_OFF_VIEW_STATE' found, using default value 'true'.
2020-10-24 14:59:14 - INFO  - org.apache.myfaces.webapp.WebConfigParamsLogger - No context init parameter 'org.apache.myfaces.USE_MULTIPLE_JS_FILES_FOR_JSF_UNCOMPRESSED_JS' found, using default value 'false'.
2020-10-24 14:59:14 - INFO  - org.apache.myfaces.webapp.WebConfigParamsLogger - No context init parameter 'org.apache.myfaces.JSF_JS_MODE' found, using default value 'normal'.
2020-10-24 14:59:14 - INFO  - org.apache.myfaces.webapp.WebConfigParamsLogger - No context init parameter 'org.apache.myfaces.TEMPORAL_RESOURCEHANDLER_CACHE_ENABLED' found, using default value 'false'.
2020-10-24 14:59:14 - INFO  - org.apache.myfaces.webapp.WebConfigParamsLogger - No context init parameter 'org.apache.myfaces.SERVICE_PROVIDER_FINDER' found.
2020-10-24 14:59:14 - INFO  - org.apache.myfaces.webapp.WebConfigParamsLogger - No context init parameter 'org.apache.myfaces.spi.InjectionProvider' found.
2020-10-24 14:59:14 - INFO  - org.apache.myfaces.webapp.WebConfigParamsLogger - No context init parameter 'javax.faces.DISABLE_FACELET_JSF_VIEWHANDLER' found, using default value 'false'.
2020-10-24 14:59:14 - INFO  - org.apache.myfaces.webapp.WebConfigParamsLogger - No context init parameter 'org.apache.myfaces.SAVE_STATE_WITH_VISIT_TREE_ON_PSS' found, using default value 'true'.
2020-10-24 14:59:14 - INFO  - org.apache.myfaces.webapp.WebConfigParamsLogger - No context init parameter 'org.apache.myfaces.CHECK_ID_PRODUCTION_MODE' found, using default value 'auto'.
2020-10-24 14:59:14 - INFO  - org.apache.myfaces.webapp.WebConfigParamsLogger - No context init parameter 'facelets.BUFFER_SIZE' found.
2020-10-24 14:59:14 - INFO  - org.apache.myfaces.webapp.WebConfigParamsLogger - No context init parameter 'facelets.REFRESH_PERIOD' found, using default value '-1'.
2020-10-24 14:59:14 - INFO  - org.apache.myfaces.webapp.WebConfigParamsLogger - No context init parameter 'javax.faces.FACELETS_RESOURCE_RESOLVER' found.
2020-10-24 14:59:14 - INFO  - org.apache.myfaces.webapp.WebConfigParamsLogger - No context init parameter 'facelets.RESOURCE_RESOLVER' found.
2020-10-24 14:59:14 - INFO  - org.apache.myfaces.webapp.WebConfigParamsLogger - No context init parameter 'org.apache.myfaces.MARK_INITIAL_STATE_WHEN_APPLY_BUILD_VIEW' found, using default value 'false'.
2020-10-24 14:59:14 - INFO  - org.apache.myfaces.webapp.WebConfigParamsLogger - No context init parameter 'facelets.DECORATORS' found.
2020-10-24 14:59:14 - INFO  - org.apache.myfaces.webapp.WebConfigParamsLogger - No context init parameter 'facelets.SKIP_COMMENTS' found.
2020-10-24 14:59:14 - INFO  - org.apache.myfaces.webapp.WebConfigParamsLogger - No context init parameter 'org.apache.myfaces.WRAP_TAG_EXCEPTIONS_AS_CONTEXT_AWARE' found, using default value 'true'.
2020-10-24 14:59:14 - INFO  - org.apache.myfaces.webapp.WebConfigParamsLogger - No context init parameter 'org.apache.myfaces.CACHE_EL_EXPRESSIONS' found, using default value 'noCache'.
2020-10-24 14:59:14 - INFO  - org.apache.myfaces.webapp.WebConfigParamsLogger - No context init parameter 'org.apache.myfaces.VIEW_POOL_MAX_POOL_SIZE' found, using default value '5'.
2020-10-24 14:59:14 - INFO  - org.apache.myfaces.webapp.WebConfigParamsLogger - No context init parameter 'org.apache.myfaces.VIEW_POOL_MAX_DYNAMIC_PARTIAL_LIMIT' found, using default value '2'.
2020-10-24 14:59:14 - INFO  - org.apache.myfaces.webapp.WebConfigParamsLogger - No context init parameter 'org.apache.myfaces.VIEW_POOL_ENTRY_MODE' found, using default value 'soft'.
2020-10-24 14:59:14 - INFO  - org.apache.myfaces.webapp.WebConfigParamsLogger - No context init parameter 'org.apache.myfaces.VIEW_POOL_DEFERRED_NAVIGATION' found, using default value 'false'.
2020-10-24 14:59:14 - INFO  - org.apache.myfaces.webapp.WebConfigParamsLogger - No context init parameter 'org.apache.myfaces.validator.BEAN_BEFORE_JSF_VALIDATION' found, using default value 'false'.
2020-10-24 14:59:14 - INFO  - org.apache.myfaces.webapp.WebConfigParamsLogger - No context init parameter 'org.apache.myfaces.EXPRESSION_FACTORY' found.
2020-10-24 14:59:14 - INFO  - org.apache.myfaces.webapp.WebConfigParamsLogger - No context init parameter 'org.apache.myfaces.INITIALIZE_ALWAYS_STANDALONE' found, using default value 'false'.
2020-10-24 14:59:14 - INFO  - org.apache.myfaces.webapp.WebConfigParamsLogger - No context init parameter 'org.apache.myfaces.LOG_WEB_CONTEXT_PARAMS' found, using default value 'auto'.
2020-10-24 14:59:14 - INFO  - org.apache.myfaces.webapp.WebConfigParamsLogger - No context init parameter 'org.apache.myfaces.FACES_INITIALIZER' found.
2020-10-24 14:59:14 - INFO  - org.apache.myfaces.webapp.WebConfigParamsLogger - No context init parameter 'org.apache.myfaces.FACES_INIT_PLUGINS' found.
2020-10-24 14:59:14 - INFO  - org.apache.myfaces.util.ExternalSpecifications - MyFaces Unified EL support enabled
2020-10-24 14:59:14 - INFO  - org.apache.myfaces.view.facelets.ViewPoolProcessor - org.apache.myfaces.CACHE_EL_EXPRESSIONS web config parameter is set to "noCache". To enable view pooling this param must be set to "alwaysRecompile". View Pooling disabled.
2020-10-24 14:59:14 - INFO  - org.apache.myfaces.webapp.StartupServletContextListener - MyFaces Core has started, it took [2063] ms.
2020-10-24 14:59:14 - INFO  - unknown.jul.logger - RewriteFilter starting up...
2020-10-24 14:59:14 - INFO  - unknown.jul.logger - Loaded [4] org.ocpsoft.rewrite.servlet.spi.RewriteLifecycleListener [org.ocpsoft.rewrite.prettyfaces.PrettyFacesRewriteLifecycleListener<-100>, org.ocpsoft.rewrite.faces.FacesRewriteLifecycleListener<0>, org.ocpsoft.rewrite.servlet.impl.DefaultRewriteLifecycleListener<2147483647>, org.ocpsoft.rewrite.servlet.config.lifecycle.JoinRewriteLifecycleListener<2147483647>]
2020-10-24 14:59:14 - INFO  - unknown.jul.logger - Loaded [1] org.ocpsoft.rewrite.servlet.spi.RequestCycleWrapper [org.ocpsoft.rewrite.servlet.impl.HttpRewriteRequestCycleWrapper<0>]
2020-10-24 14:59:14 - INFO  - unknown.jul.logger - Loaded [1] org.ocpsoft.rewrite.spi.RewriteProvider [org.ocpsoft.rewrite.servlet.impl.DefaultHttpRewriteProvider<0>]
2020-10-24 14:59:14 - INFO  - unknown.jul.logger - Loaded [1] org.ocpsoft.rewrite.servlet.spi.RewriteResultHandler [org.ocpsoft.rewrite.servlet.impl.HttpRewriteResultHandler<0>]
2020-10-24 14:59:14 - INFO  - unknown.jul.logger - Loaded [1] org.ocpsoft.rewrite.servlet.spi.InboundRewriteProducer [org.ocpsoft.rewrite.servlet.impl.HttpInboundRewriteProducer<0>]
2020-10-24 14:59:14 - INFO  - unknown.jul.logger - Loaded [1] org.ocpsoft.rewrite.servlet.spi.OutboundRewriteProducer [org.ocpsoft.rewrite.servlet.impl.HttpOutboundRewriteProducer<0>]
2020-10-24 14:59:14 - INFO  - unknown.jul.logger - Loaded [1] org.ocpsoft.rewrite.servlet.spi.ContextListener [org.ocpsoft.rewrite.prettyfaces.PrettyConfigContextListener<0>]
2020-10-24 14:59:14 - INFO  - unknown.jul.logger - Loaded [0] org.ocpsoft.rewrite.servlet.spi.RequestListener []
2020-10-24 14:59:14 - INFO  - unknown.jul.logger - Loaded [1] org.ocpsoft.rewrite.servlet.spi.RequestParameterProvider [org.ocpsoft.rewrite.prettyfaces.PrettyFacesRequestParameterProvider<0>]
2020-10-24 14:59:14 - INFO  - unknown.jul.logger - Loaded [1] org.ocpsoft.rewrite.el.spi.ExpressionLanguageProvider [org.ocpsoft.rewrite.faces.FacesExpressionLanguageProvider<30>]
2020-10-24 14:59:14 - INFO  - unknown.jul.logger - Loaded [1] org.ocpsoft.rewrite.spi.InvocationResultHandler [org.ocpsoft.rewrite.faces.NavigatingInvocationResultHandler<100>]
2020-10-24 14:59:14 - INFO  - unknown.jul.logger - Loaded [0] org.ocpsoft.common.spi.ServiceEnricher []
2020-10-24 14:59:14 - INFO  - unknown.jul.logger - Loaded [1] org.ocpsoft.rewrite.spi.ConfigurationCacheProvider [org.ocpsoft.rewrite.servlet.impl.ServletContextConfigurationCacheProvider<0>]
2020-10-24 14:59:14 - INFO  - unknown.jul.logger - Loaded [2] org.ocpsoft.rewrite.config.ConfigurationProvider [org.ocpsoft.rewrite.prettyfaces.PrettyFacesRewriteConfigurationProvider<1>, org.ocpsoft.rewrite.annotation.config.AnnotationConfigProvider<100>]
2020-10-24 14:59:14 - INFO  - unknown.jul.logger - Loaded [0] org.ocpsoft.rewrite.spi.RuleCacheProvider []
2020-10-24 14:59:14 - INFO  - unknown.jul.logger - Loaded [1] org.ocpsoft.rewrite.spi.GlobalParameterProvider [org.ocpsoft.rewrite.instance.WildcardParameterProvider<0>]
2020-10-24 14:59:14 - INFO  - unknown.jul.logger - Rewrite 3.4.1.Final initialized.
2020-10-24 14:59:15 - INFO  - org.hibernate.jpa.internal.util.LogHelper - HHH000204: Processing PersistenceUnitInfo [name: default]
2020-10-24 14:59:15 - INFO  - org.hibernate.Version - HHH000412: Hibernate ORM core version 5.4.21.Final
2020-10-24 14:59:15 - WARN  - o.s.b.a.orm.jpa.JpaBaseConfiguration$JpaWebConfiguration - spring.jpa.open-in-view is enabled by default. Therefore, database queries may be performed during view rendering. Explicitly configure spring.jpa.open-in-view to disable this warning
2020-10-24 14:59:16 - INFO  - org.hibernate.annotations.common.Version - HCANN000001: Hibernate Commons Annotations {5.1.0.Final}
2020-10-24 14:59:16 - INFO  - org.hibernate.dialect.Dialect - HHH000400: Using dialect: org.hibernate.dialect.MySQL5InnoDBDialect
2020-10-24 14:59:18 - INFO  - o.h.e.transaction.jta.platform.internal.JtaPlatformInitiator - HHH000490: Using JtaPlatform implementation: [org.hibernate.engine.transaction.jta.platform.internal.NoJtaPlatform]
2020-10-24 14:59:19 - INFO  - tn.esprit.spring.TimesheetApplication - Started TimesheetApplication in 9.913 seconds (JVM running for 11.171)
2020-10-24 14:59:38 - INFO  - tn.esprit.spring.EmployeServiceImplTest - Starting EmployeServiceImplTest on Waelbenamara with PID 7816 (started by waelb in C:\Users\waelb\OneDrive\Documents\SpringWorkSpace\Integration-continue)
2020-10-24 14:59:38 - INFO  - tn.esprit.spring.EmployeServiceImplTest - No active profile set, falling back to default profiles: default
2020-10-24 14:59:40 - INFO  - org.hibernate.jpa.internal.util.LogHelper - HHH000204: Processing PersistenceUnitInfo [name: default]
2020-10-24 14:59:40 - INFO  - org.hibernate.Version - HHH000412: Hibernate ORM core version 5.4.21.Final
2020-10-24 14:59:41 - INFO  - org.hibernate.annotations.common.Version - HCANN000001: Hibernate Commons Annotations {5.1.0.Final}
2020-10-24 14:59:41 - WARN  - o.s.b.a.orm.jpa.JpaBaseConfiguration$JpaWebConfiguration - spring.jpa.open-in-view is enabled by default. Therefore, database queries may be performed during view rendering. Explicitly configure spring.jpa.open-in-view to disable this warning
2020-10-24 14:59:42 - INFO  - org.hibernate.dialect.Dialect - HHH000400: Using dialect: org.hibernate.dialect.MySQL5InnoDBDialect
2020-10-24 14:59:43 - INFO  - o.h.e.transaction.jta.platform.internal.JtaPlatformInitiator - HHH000490: Using JtaPlatform implementation: [org.hibernate.engine.transaction.jta.platform.internal.NoJtaPlatform]
2020-10-24 14:59:44 - INFO  - tn.esprit.spring.EmployeServiceImplTest - Started EmployeServiceImplTest in 6.946 seconds (JVM running for 8.727)
2020-10-24 14:59:45 - INFO  - tn.esprit.spring.services.EmployeServiceImpl - In getAllEmployes
2020-10-24 14:59:45 - INFO  - tn.esprit.spring.services.EmployeServiceImpl -  Out getAllEmployes
2020-10-24 14:59:45 - INFO  - tn.esprit.spring.services.EmployeServiceImpl - In addOrUpdateEmploye
2020-10-24 14:59:45 - INFO  - tn.esprit.spring.services.EmployeServiceImpl - Out addOrUpdateEmploye
2020-10-24 14:59:45 - INFO  - tn.esprit.spring.services.EmployeServiceImpl -  In getNombreEmployeJPQL
2020-10-24 14:59:45 - INFO  - tn.esprit.spring.services.EmployeServiceImpl -  Out getNombreEmployeJPQL
2020-10-24 14:59:45 - INFO  - tn.esprit.spring.services.EmployeServiceImpl - In addOrUpdateEmploye
2020-10-24 14:59:45 - INFO  - tn.esprit.spring.services.EmployeServiceImpl - Out addOrUpdateEmploye
2020-10-24 14:59:45 - INFO  - tn.esprit.spring.services.EmployeServiceImpl - In getEmployePrenomById where id= 70
2020-10-24 14:59:45 - INFO  - tn.esprit.spring.services.EmployeServiceImpl - Name_user returned :benamara
2020-10-24 14:59:45 - INFO  - tn.esprit.spring.services.EmployeServiceImpl - In addOrUpdateEmploye
2020-10-24 14:59:45 - INFO  - tn.esprit.spring.services.EmployeServiceImpl - Out addOrUpdateEmploye
2020-10-24 14:59:45 - INFO  - tn.esprit.spring.services.EmployeServiceImpl - In mettreAjourEmailByEmployeId
2020-10-24 14:59:45 - INFO  - tn.esprit.spring.services.EmployeServiceImpl - Out mettreAjourEmailByEmployeId
2020-10-24 15:02:28 - INFO  - tn.esprit.spring.TimesheetApplicationTests - Starting TimesheetApplicationTests on Waelbenamara with PID 25832 (started by waelb in C:\Users\waelb\OneDrive\Documents\SpringWorkSpace\Integration-continue)
2020-10-24 15:02:28 - INFO  - tn.esprit.spring.TimesheetApplicationTests - No active profile set, falling back to default profiles: default
2020-10-24 15:02:30 - INFO  - org.hibernate.jpa.internal.util.LogHelper - HHH000204: Processing PersistenceUnitInfo [name: default]
2020-10-24 15:02:30 - INFO  - org.hibernate.Version - HHH000412: Hibernate ORM core version 5.4.21.Final
2020-10-24 15:02:31 - INFO  - org.hibernate.annotations.common.Version - HCANN000001: Hibernate Commons Annotations {5.1.0.Final}
2020-10-24 15:02:31 - WARN  - o.s.b.a.orm.jpa.JpaBaseConfiguration$JpaWebConfiguration - spring.jpa.open-in-view is enabled by default. Therefore, database queries may be performed during view rendering. Explicitly configure spring.jpa.open-in-view to disable this warning
2020-10-24 15:02:32 - INFO  - org.hibernate.dialect.Dialect - HHH000400: Using dialect: org.hibernate.dialect.MySQL5InnoDBDialect
2020-10-24 15:02:34 - INFO  - o.h.e.transaction.jta.platform.internal.JtaPlatformInitiator - HHH000490: Using JtaPlatform implementation: [org.hibernate.engine.transaction.jta.platform.internal.NoJtaPlatform]
2020-10-24 15:02:35 - INFO  - tn.esprit.spring.TimesheetApplicationTests - Started TimesheetApplicationTests in 8.027 seconds (JVM running for 10.019)
2020-10-24 15:11:00 - INFO  - tn.esprit.spring.TimesheetApplicationTests - Starting TimesheetApplicationTests on Waelbenamara with PID 18796 (started by waelb in C:\Users\waelb\OneDrive\Documents\SpringWorkSpace\Integration-continue)
2020-10-24 15:11:00 - INFO  - tn.esprit.spring.TimesheetApplicationTests - No active profile set, falling back to default profiles: default
2020-10-24 15:11:03 - INFO  - org.hibernate.jpa.internal.util.LogHelper - HHH000204: Processing PersistenceUnitInfo [name: default]
2020-10-24 15:11:03 - INFO  - org.hibernate.Version - HHH000412: Hibernate ORM core version 5.4.21.Final
2020-10-24 15:11:03 - INFO  - org.hibernate.annotations.common.Version - HCANN000001: Hibernate Commons Annotations {5.1.0.Final}
2020-10-24 15:11:03 - WARN  - o.s.b.a.orm.jpa.JpaBaseConfiguration$JpaWebConfiguration - spring.jpa.open-in-view is enabled by default. Therefore, database queries may be performed during view rendering. Explicitly configure spring.jpa.open-in-view to disable this warning
2020-10-24 15:11:05 - INFO  - org.hibernate.dialect.Dialect - HHH000400: Using dialect: org.hibernate.dialect.MySQL5InnoDBDialect
2020-10-24 15:11:06 - INFO  - o.h.e.transaction.jta.platform.internal.JtaPlatformInitiator - HHH000490: Using JtaPlatform implementation: [org.hibernate.engine.transaction.jta.platform.internal.NoJtaPlatform]
2020-10-24 15:11:07 - INFO  - tn.esprit.spring.TimesheetApplicationTests - Started TimesheetApplicationTests in 7.903 seconds (JVM running for 9.705)
2020-10-24 15:12:04 - INFO  - tn.esprit.spring.TimesheetApplication - Starting TimesheetApplication on Waelbenamara with PID 23068 (C:\Users\waelb\OneDrive\Documents\SpringWorkSpace\Integration-continue\src\main\webapp\WEB-INF\classes started by waelb in C:\Users\waelb\OneDrive\Documents\SpringWorkSpace\Integration-continue)
2020-10-24 15:12:04 - INFO  - tn.esprit.spring.TimesheetApplication - No active profile set, falling back to default profiles: default
2020-10-24 15:12:06 - INFO  - org.apache.catalina.core.StandardService - Starting service [Tomcat]
2020-10-24 15:12:06 - INFO  - org.apache.catalina.core.StandardEngine - Starting Servlet engine: [Apache Tomcat/9.0.38]
2020-10-24 15:12:07 - INFO  - org.apache.jasper.servlet.TldScanner - At least one JAR was scanned for TLDs yet contained no TLDs. Enable debug logging for this logger for a complete list of JARs that were scanned but no TLDs were found in them. Skipping unneeded JARs during scanning can improve startup time and JSP compilation time.
2020-10-24 15:12:07 - INFO  - o.a.c.core.ContainerBase.[Tomcat].[localhost].[/SpringMVC] - Initializing Spring embedded WebApplicationContext
2020-10-24 15:12:07 - INFO  - org.apache.myfaces.config.DefaultFacesConfigurationProvider - Reading standard config META-INF/standard-faces-config.xml
2020-10-24 15:12:07 - INFO  - org.apache.myfaces.config.DefaultFacesConfigurationProvider - Reading config /WEB-INF/faces-config.xml
2020-10-24 15:12:08 - INFO  - org.apache.myfaces.config.DefaultFacesConfigurationProvider - Reading config : jar:file:/C:/Users/waelb/.m2/repository/org/ocpsoft/rewrite/rewrite-integration-faces/3.4.1.Final/rewrite-integration-faces-3.4.1.Final.jar!/META-INF/faces-config.xml
2020-10-24 15:12:08 - INFO  - org.apache.myfaces.config.DefaultFacesConfigurationProvider - Reading config : jar:file:/C:/Users/waelb/.m2/repository/org/ocpsoft/rewrite/rewrite-config-prettyfaces/3.4.1.Final/rewrite-config-prettyfaces-3.4.1.Final.jar!/META-INF/faces-config.xml
2020-10-24 15:12:08 - INFO  - org.apache.myfaces.config.DefaultFacesConfigurationProvider - Reading config : jar:file:/C:/Users/waelb/.m2/repository/org/primefaces/primefaces/6.1/primefaces-6.1.jar!/META-INF/faces-config.xml
2020-10-24 15:12:08 - INFO  - org.apache.myfaces.config.LogMetaInfUtils - Artifact 'myfaces-api' was found in version '2.2.12' from path 'file:/C:/Users/waelb/.m2/repository/org/apache/myfaces/core/myfaces-api/2.2.12/myfaces-api-2.2.12.jar'
2020-10-24 15:12:08 - INFO  - org.apache.myfaces.config.LogMetaInfUtils - Artifact 'myfaces-impl' was found in version '2.2.12' from path 'file:/C:/Users/waelb/.m2/repository/org/apache/myfaces/core/myfaces-impl/2.2.12/myfaces-impl-2.2.12.jar'
2020-10-24 15:12:08 - INFO  - org.apache.myfaces.util.ExternalSpecifications - MyFaces CDI support disabled
2020-10-24 15:12:08 - INFO  - org.apache.myfaces.spi.impl.DefaultInjectionProviderFactory - Using InjectionProvider org.apache.myfaces.spi.impl.Tomcat7AnnotationInjectionProvider
2020-10-24 15:12:08 - INFO  - org.apache.myfaces.util.ExternalSpecifications - MyFaces Bean Validation support enabled
2020-10-24 15:12:08 - INFO  - unknown.jul.logger - RewritePhaseListener starting up.
2020-10-24 15:12:08 - INFO  - org.apache.myfaces.application.ApplicationImpl - Couldn't discover the current project stage, using Production
2020-10-24 15:12:08 - INFO  - org.apache.myfaces.config.FacesConfigurator - Serialization provider : class org.apache.myfaces.shared_impl.util.serial.DefaultSerialFactory
2020-10-24 15:12:08 - INFO  - o.a.m.config.annotation.DefaultLifecycleProviderFactory - Using LifecycleProvider org.apache.myfaces.config.annotation.Tomcat7AnnotationLifecycleProvider
2020-10-24 15:12:09 - INFO  - org.primefaces.webapp.PostConstructApplicationEventListener - Running on PrimeFaces 6.1
2020-10-24 15:12:09 - INFO  - org.apache.myfaces.webapp.AbstractFacesInitializer - ServletContext initialized.
2020-10-24 15:12:09 - INFO  - org.apache.myfaces.webapp.WebConfigParamsLogger - Tomahawk jar not available. Autoscrolling, DetectJavascript, AddResourceClass and CheckExtensionsFilter are disabled now.
2020-10-24 15:12:09 - INFO  - org.apache.myfaces.webapp.WebConfigParamsLogger - Scanning for context init parameters not defined. It is not necessary to define them all into your web.xml, they are just provided here for informative purposes. To disable this messages set org.apache.myfaces.LOG_WEB_CONTEXT_PARAMS config param to 'false'
2020-10-24 15:12:09 - INFO  - org.apache.myfaces.webapp.WebConfigParamsLogger - No context init parameter 'javax.faces.RESOURCE_EXCLUDES' found, using default value '.class .jsp .jspx .properties .xhtml .groovy'.
2020-10-24 15:12:09 - INFO  - org.apache.myfaces.webapp.WebConfigParamsLogger - No context init parameter 'javax.faces.STATE_SAVING_METHOD' found, using default value 'server'.
2020-10-24 15:12:09 - INFO  - org.apache.myfaces.webapp.WebConfigParamsLogger - No context init parameter 'javax.faces.FULL_STATE_SAVING_VIEW_IDS' found.
2020-10-24 15:12:09 - INFO  - org.apache.myfaces.webapp.WebConfigParamsLogger - No context init parameter 'javax.faces.PARTIAL_STATE_SAVING' found, using default value 'true (false with 1.2 webapps)'.
2020-10-24 15:12:09 - INFO  - org.apache.myfaces.webapp.WebConfigParamsLogger - No context init parameter 'javax.faces.SERIALIZE_SERVER_STATE' found, using default value 'false'.
2020-10-24 15:12:09 - INFO  - org.apache.myfaces.webapp.WebConfigParamsLogger - No context init parameter 'javax.faces.DEFAULT_SUFFIX' found, using default value '.xhtml .view.xml .jsp'.
2020-10-24 15:12:09 - INFO  - org.apache.myfaces.webapp.WebConfigParamsLogger - No context init parameter 'javax.faces.FACELETS_SUFFIX' found, using default value '.xhtml'.
2020-10-24 15:12:09 - INFO  - org.apache.myfaces.webapp.WebConfigParamsLogger - No context init parameter 'javax.faces.FACELETS_VIEW_MAPPINGS' found.
2020-10-24 15:12:09 - INFO  - org.apache.myfaces.webapp.WebConfigParamsLogger - No context init parameter 'DISABLE_FACELET_JSF_VIEWHANDLER' found.
2020-10-24 15:12:09 - INFO  - org.apache.myfaces.webapp.WebConfigParamsLogger - No context init parameter 'javax.faces.FACELETS_BUFFER_SIZE' found, using default value '1024'.
2020-10-24 15:12:09 - INFO  - org.apache.myfaces.webapp.WebConfigParamsLogger - No context init parameter 'javax.faces.FACELETS_DECORATORS' found.
2020-10-24 15:12:09 - INFO  - org.apache.myfaces.webapp.WebConfigParamsLogger - No context init parameter 'javax.faces.FACELETS_LIBRARIES' found.
2020-10-24 15:12:09 - INFO  - org.apache.myfaces.webapp.WebConfigParamsLogger - No context init parameter 'javax.faces.FACELETS_REFRESH_PERIOD' found, using default value '-1'.
2020-10-24 15:12:09 - INFO  - org.apache.myfaces.webapp.WebConfigParamsLogger - No context init parameter 'javax.faces.FACELETS_SKIP_COMMENTS' found.
2020-10-24 15:12:09 - INFO  - org.apache.myfaces.webapp.WebConfigParamsLogger - No context init parameter 'javax.faces.HONOR_CURRENT_COMPONENT_ATTRIBUTES' found, using default value 'false'.
2020-10-24 15:12:09 - INFO  - org.apache.myfaces.webapp.WebConfigParamsLogger - No context init parameter 'javax.faces.VALIDATE_EMPTY_FIELDS' found, using default value 'auto'.
2020-10-24 15:12:09 - INFO  - org.apache.myfaces.webapp.WebConfigParamsLogger - No context init parameter 'javax.faces.INTERPRET_EMPTY_STRING_SUBMITTED_VALUES_AS_NULL' found, using default value 'false'.
2020-10-24 15:12:09 - INFO  - org.apache.myfaces.webapp.WebConfigParamsLogger - No context init parameter 'javax.faces.DATETIMECONVERTER_DEFAULT_TIMEZONE_IS_SYSTEM_TIMEZONE' found, using default value 'false'.
2020-10-24 15:12:09 - INFO  - org.apache.myfaces.webapp.WebConfigParamsLogger - No context init parameter 'org.apache.myfaces.ENUM_CONVERTER_ALLOW_STRING_PASSTROUGH' found, using default value 'false'.
2020-10-24 15:12:09 - INFO  - org.apache.myfaces.webapp.WebConfigParamsLogger - No context init parameter 'javax.faces.validator.DISABLE_DEFAULT_BEAN_VALIDATOR' found, using default value 'true'.
2020-10-24 15:12:09 - INFO  - org.apache.myfaces.webapp.WebConfigParamsLogger - No context init parameter 'javax.faces.CONFIG_FILES' found.
2020-10-24 15:12:09 - INFO  - org.apache.myfaces.webapp.WebConfigParamsLogger - No context init parameter 'javax.faces.LIFECYCLE_ID' found.
2020-10-24 15:12:09 - INFO  - org.apache.myfaces.webapp.WebConfigParamsLogger - No context init parameter 'org.apache.myfaces.ERROR_HANDLER' found.
2020-10-24 15:12:09 - INFO  - org.apache.myfaces.webapp.WebConfigParamsLogger - No context init parameter 'org.apache.myfaces.CHECKED_VIEWID_CACHE_SIZE' found, using default value '500'.
2020-10-24 15:12:09 - INFO  - org.apache.myfaces.webapp.WebConfigParamsLogger - No context init parameter 'org.apache.myfaces.CHECKED_VIEWID_CACHE_ENABLED' found, using default value 'true'.
2020-10-24 15:12:09 - INFO  - org.apache.myfaces.webapp.WebConfigParamsLogger - No context init parameter 'org.apache.myfaces.PRETTY_HTML' found, using default value 'true'.
2020-10-24 15:12:09 - INFO  - org.apache.myfaces.webapp.WebConfigParamsLogger - No context init parameter 'org.apache.myfaces.ALLOW_JAVASCRIPT' found, using default value 'true'.
2020-10-24 15:12:09 - INFO  - org.apache.myfaces.webapp.WebConfigParamsLogger - No context init parameter 'org.apache.myfaces.CONFIG_REFRESH_PERIOD' found, using default value '2'.
2020-10-24 15:12:09 - INFO  - org.apache.myfaces.webapp.WebConfigParamsLogger - No context init parameter 'org.apache.myfaces.VIEWSTATE_JAVASCRIPT' found, using default value 'false'.
2020-10-24 15:12:09 - INFO  - org.apache.myfaces.webapp.WebConfigParamsLogger - No context init parameter 'org.apache.myfaces.RENDER_VIEWSTATE_ID' found, using default value 'true'.
2020-10-24 15:12:09 - INFO  - org.apache.myfaces.webapp.WebConfigParamsLogger - No context init parameter 'org.apache.myfaces.STRICT_XHTML_LINKS' found, using default value 'true'.
2020-10-24 15:12:09 - INFO  - org.apache.myfaces.webapp.WebConfigParamsLogger - No context init parameter 'org.apache.myfaces.RENDER_CLEAR_JAVASCRIPT_FOR_BUTTON' found, using default value 'false'.
2020-10-24 15:12:09 - INFO  - org.apache.myfaces.webapp.WebConfigParamsLogger - No context init parameter 'org.apache.myfaces.RENDER_HIDDEN_FIELDS_FOR_LINK_PARAMS' found, using default value 'false'.
2020-10-24 15:12:09 - INFO  - org.apache.myfaces.webapp.WebConfigParamsLogger - No context init parameter 'org.apache.myfaces.SAVE_FORM_SUBMIT_LINK_IE' found, using default value 'false'.
2020-10-24 15:12:09 - INFO  - org.apache.myfaces.webapp.WebConfigParamsLogger - No context init parameter 'org.apache.myfaces.DELEGATE_FACES_SERVLET' found.
2020-10-24 15:12:09 - INFO  - org.apache.myfaces.webapp.WebConfigParamsLogger - No context init parameter 'org.apache.myfaces.REFRESH_TRANSIENT_BUILD_ON_PSS' found, using default value 'auto'.
2020-10-24 15:12:09 - INFO  - org.apache.myfaces.webapp.WebConfigParamsLogger - No context init parameter 'org.apache.myfaces.REFRESH_TRANSIENT_BUILD_ON_PSS_PRESERVE_STATE' found, using default value 'false'.
2020-10-24 15:12:09 - INFO  - org.apache.myfaces.webapp.WebConfigParamsLogger - No context init parameter 'org.apache.myfaces.VALIDATE_XML' found.
2020-10-24 15:12:09 - INFO  - org.apache.myfaces.webapp.WebConfigParamsLogger - No context init parameter 'org.apache.myfaces.WRAP_SCRIPT_CONTENT_WITH_XML_COMMENT_TAG' found, using default value 'false'.
2020-10-24 15:12:09 - INFO  - org.apache.myfaces.webapp.WebConfigParamsLogger - No context init parameter 'org.apache.myfaces.RENDER_FORM_SUBMIT_SCRIPT_INLINE' found, using default value 'false'.
2020-10-24 15:12:09 - INFO  - org.apache.myfaces.webapp.WebConfigParamsLogger - No context init parameter 'org.apache.myfaces.DEBUG_PHASE_LISTENER' found.
2020-10-24 15:12:09 - INFO  - org.apache.myfaces.webapp.WebConfigParamsLogger - No context init parameter 'org.apache.myfaces.STRICT_JSF_2_REFRESH_TARGET_AJAX' found, using default value 'false'.
2020-10-24 15:12:09 - INFO  - org.apache.myfaces.webapp.WebConfigParamsLogger - No context init parameter 'org.apache.myfaces.STRICT_JSF_2_CC_EL_RESOLVER' found, using default value 'false'.
2020-10-24 15:12:09 - INFO  - org.apache.myfaces.webapp.WebConfigParamsLogger - No context init parameter 'org.apache.myfaces.DEFAULT_RESPONSE_WRITER_CONTENT_TYPE_MODE' found, using default value 'text/html'.
2020-10-24 15:12:09 - INFO  - org.apache.myfaces.webapp.WebConfigParamsLogger - No context init parameter 'org.apache.myfaces.VIEW_UNIQUE_IDS_CACHE_ENABLED' found, using default value 'true'.
2020-10-24 15:12:09 - INFO  - org.apache.myfaces.webapp.WebConfigParamsLogger - No context init parameter 'org.apache.myfaces.COMPONENT_UNIQUE_IDS_CACHE_SIZE' found, using default value '100'.
2020-10-24 15:12:09 - INFO  - org.apache.myfaces.webapp.WebConfigParamsLogger - No context init parameter 'org.apache.myfaces.SUPPORT_JSP_AND_FACES_EL' found, using default value 'true'.
2020-10-24 15:12:09 - INFO  - org.apache.myfaces.webapp.WebConfigParamsLogger - No context init parameter 'org.apache.myfaces.GAE_JSF_JAR_FILES' found.
2020-10-24 15:12:09 - INFO  - org.apache.myfaces.webapp.WebConfigParamsLogger - No context init parameter 'org.apache.myfaces.GAE_JSF_ANNOTATIONS_JAR_FILES' found.
2020-10-24 15:12:09 - INFO  - org.apache.myfaces.webapp.WebConfigParamsLogger - No context init parameter 'org.apache.myfaces.STRICT_JSF_2_VIEW_NOT_FOUND' found, using default value 'false'.
2020-10-24 15:12:09 - INFO  - org.apache.myfaces.webapp.WebConfigParamsLogger - No context init parameter 'org.apache.myfaces.EARLY_FLUSH_ENABLED' found, using default value 'false'.
2020-10-24 15:12:09 - INFO  - org.apache.myfaces.webapp.WebConfigParamsLogger - No context init parameter 'org.apache.myfaces.CDI_MANAGED_CONVERTERS_ENABLED' found, using default value 'false'.
2020-10-24 15:12:09 - INFO  - org.apache.myfaces.webapp.WebConfigParamsLogger - No context init parameter 'org.apache.myfaces.CDI_MANAGED_VALIDATORS_ENABLED' found, using default value 'false'.
2020-10-24 15:12:09 - INFO  - org.apache.myfaces.webapp.WebConfigParamsLogger - No context init parameter 'org.apache.myfaces.STRICT_JSF_2_FACELETS_COMPATIBILITY' found, using default value 'false'.
2020-10-24 15:12:09 - INFO  - org.apache.myfaces.webapp.WebConfigParamsLogger - No context init parameter 'org.apache.myfaces.RENDER_FORM_VIEW_STATE_AT_BEGIN' found, using default value 'false'.
2020-10-24 15:12:09 - INFO  - org.apache.myfaces.webapp.WebConfigParamsLogger - No context init parameter 'org.apache.myfaces.FLASH_SCOPE_DISABLED' found, using default value 'false'.
2020-10-24 15:12:09 - INFO  - org.apache.myfaces.webapp.WebConfigParamsLogger - No context init parameter 'org.apache.myfaces.NUMBER_OF_VIEWS_IN_SESSION' found, using default value '20'.
2020-10-24 15:12:09 - INFO  - org.apache.myfaces.webapp.WebConfigParamsLogger - No context init parameter 'org.apache.myfaces.NUMBER_OF_SEQUENTIAL_VIEWS_IN_SESSION' found, using default value '4'.
2020-10-24 15:12:09 - INFO  - org.apache.myfaces.webapp.WebConfigParamsLogger - No context init parameter 'org.apache.myfaces.NUMBER_OF_FLASH_TOKENS_IN_SESSION' found.
2020-10-24 15:12:09 - INFO  - org.apache.myfaces.webapp.WebConfigParamsLogger - No context init parameter 'org.apache.myfaces.FACES_FLOW_CLIENT_WINDOW_IDS_IN_SESSION' found.
2020-10-24 15:12:09 - INFO  - org.apache.myfaces.webapp.WebConfigParamsLogger - No context init parameter 'org.apache.myfaces.SUPPORT_EL_3_IMPORT_HANDLER' found, using default value 'false'.
2020-10-24 15:12:09 - INFO  - org.apache.myfaces.webapp.WebConfigParamsLogger - No context init parameter 'org.apache.myfaces.RESOURCE_MAX_TIME_EXPIRES' found, using default value '604800000'.
2020-10-24 15:12:09 - INFO  - org.apache.myfaces.webapp.WebConfigParamsLogger - No context init parameter 'org.apache.myfaces.RESOURCE_HANDLER_CACHE_SIZE' found, using default value '500'.
2020-10-24 15:12:09 - INFO  - org.apache.myfaces.webapp.WebConfigParamsLogger - No context init parameter 'org.apache.myfaces.RESOURCE_HANDLER_CACHE_ENABLED' found, using default value 'true'.
2020-10-24 15:12:09 - INFO  - org.apache.myfaces.webapp.WebConfigParamsLogger - No context init parameter 'org.apache.myfaces.USE_ENCRYPTION' found, using default value 'true'.
2020-10-24 15:12:09 - INFO  - org.apache.myfaces.webapp.WebConfigParamsLogger - No context init parameter 'org.apache.myfaces.SECRET' found.
2020-10-24 15:12:09 - INFO  - org.apache.myfaces.webapp.WebConfigParamsLogger - No context init parameter 'org.apache.myfaces.ALGORITHM' found, using default value 'DES'.
2020-10-24 15:12:09 - INFO  - org.apache.myfaces.webapp.WebConfigParamsLogger - No context init parameter 'org.apache.myfaces.SECRET.CACHE' found.
2020-10-24 15:12:09 - INFO  - org.apache.myfaces.webapp.WebConfigParamsLogger - No context init parameter 'org.apache.myfaces.ALGORITHM.IV' found.
2020-10-24 15:12:09 - INFO  - org.apache.myfaces.webapp.WebConfigParamsLogger - No context init parameter 'org.apache.myfaces.ALGORITHM.PARAMETERS' found, using default value 'ECB/PKCS5Padding'.
2020-10-24 15:12:09 - INFO  - org.apache.myfaces.webapp.WebConfigParamsLogger - No context init parameter 'org.apache.myfaces.SERIAL_FACTORY' found.
2020-10-24 15:12:09 - INFO  - org.apache.myfaces.webapp.WebConfigParamsLogger - No context init parameter 'org.apache.myfaces.COMPRESS_STATE_IN_CLIENT' found, using default value 'false'.
2020-10-24 15:12:09 - INFO  - org.apache.myfaces.webapp.WebConfigParamsLogger - No context init parameter 'org.apache.myfaces.MAC_ALGORITHM' found, using default value 'HmacSHA1'.
2020-10-24 15:12:09 - INFO  - org.apache.myfaces.webapp.WebConfigParamsLogger - No context init parameter 'org.apache.myfaces.MAC_SECRET' found.
2020-10-24 15:12:09 - INFO  - org.apache.myfaces.webapp.WebConfigParamsLogger - No context init parameter 'org.apache.myfaces.MAC_SECRET.CACHE' found.
2020-10-24 15:12:09 - INFO  - org.apache.myfaces.webapp.WebConfigParamsLogger - No context init parameter 'javax.faces.PROJECT_STAGE' found, using default value 'Production'.
2020-10-24 15:12:09 - INFO  - org.apache.myfaces.webapp.WebConfigParamsLogger - No context init parameter 'org.apache.myfaces.LAZY_LOAD_CONFIG_OBJECTS' found, using default value 'true'.
2020-10-24 15:12:09 - INFO  - org.apache.myfaces.webapp.WebConfigParamsLogger - No context init parameter 'org.apache.myfaces.STRICT_JSF_2_ALLOW_SLASH_LIBRARY_NAME' found, using default value 'false'.
2020-10-24 15:12:09 - INFO  - org.apache.myfaces.webapp.WebConfigParamsLogger - No context init parameter 'org.apache.myfaces.RESOURCE_BUFFER_SIZE' found, using default value '2048'.
2020-10-24 15:12:09 - INFO  - org.apache.myfaces.webapp.WebConfigParamsLogger - No context init parameter 'org.apache.myfaces.RANDOM_KEY_IN_CSRF_SESSION_TOKEN' found, using default value 'none'.
2020-10-24 15:12:09 - INFO  - org.apache.myfaces.webapp.WebConfigParamsLogger - No context init parameter 'org.apache.myfaces.RANDOM_KEY_IN_CSRF_SESSION_TOKEN_LENGTH' found, using default value '16'.
2020-10-24 15:12:09 - INFO  - org.apache.myfaces.webapp.WebConfigParamsLogger - No context init parameter 'org.apache.myfaces.RANDOM_KEY_IN_CSRF_SESSION_TOKEN_SECURE_RANDOM_CLASS' found.
2020-10-24 15:12:09 - INFO  - org.apache.myfaces.webapp.WebConfigParamsLogger - No context init parameter 'org.apache.myfaces.RANDOM_KEY_IN_CSRF_SESSION_TOKEN_SECURE_RANDOM_PROVIDER' found.
2020-10-24 15:12:09 - INFO  - org.apache.myfaces.webapp.WebConfigParamsLogger - No context init parameter 'org.apache.myfaces.RANDOM_KEY_IN_CSRF_SESSION_TOKEN_SECURE_RANDOM_ALGORITM' found, using default value 'SHA1PRNG'.
2020-10-24 15:12:09 - INFO  - org.apache.myfaces.webapp.WebConfigParamsLogger - No context init parameter 'org.apache.myfaces.CLIENT_VIEW_STATE_TIMEOUT' found, using default value '0'.
2020-10-24 15:12:09 - INFO  - org.apache.myfaces.webapp.WebConfigParamsLogger - No context init parameter 'org.apache.myfaces.SERIALIZE_STATE_IN_SESSION' found, using default value 'false'.
2020-10-24 15:12:09 - INFO  - org.apache.myfaces.webapp.WebConfigParamsLogger - No context init parameter 'org.apache.myfaces.COMPRESS_STATE_IN_SESSION' found, using default value 'true'.
2020-10-24 15:12:09 - INFO  - org.apache.myfaces.webapp.WebConfigParamsLogger - No context init parameter 'org.apache.myfaces.CACHE_OLD_VIEWS_IN_SESSION_MODE' found, using default value 'off'.
2020-10-24 15:12:09 - INFO  - org.apache.myfaces.webapp.WebConfigParamsLogger - No context init parameter 'org.apache.myfaces.USE_FLASH_SCOPE_PURGE_VIEWS_IN_SESSION' found, using default value 'false'.
2020-10-24 15:12:09 - INFO  - org.apache.myfaces.webapp.WebConfigParamsLogger - No context init parameter 'org.apache.myfaces.RANDOM_KEY_IN_VIEW_STATE_SESSION_TOKEN' found, using default value 'none'.
2020-10-24 15:12:09 - INFO  - org.apache.myfaces.webapp.WebConfigParamsLogger - No context init parameter 'org.apache.myfaces.RANDOM_KEY_IN_VIEW_STATE_SESSION_TOKEN_LENGTH' found, using default value '8'.
2020-10-24 15:12:09 - INFO  - org.apache.myfaces.webapp.WebConfigParamsLogger - No context init parameter 'org.apache.myfaces.RANDOM_KEY_IN_VIEW_STATE_SESSION_TOKEN_SECURE_RANDOM_CLASS' found.
2020-10-24 15:12:09 - INFO  - org.apache.myfaces.webapp.WebConfigParamsLogger - No context init parameter 'org.apache.myfaces.RANDOM_KEY_IN_VIEW_STATE_SESSION_TOKEN_SECURE_RANDOM_PROVIDER' found.
2020-10-24 15:12:09 - INFO  - org.apache.myfaces.webapp.WebConfigParamsLogger - No context init parameter 'org.apache.myfaces.RANDOM_KEY_IN_VIEW_STATE_SESSION_TOKEN_SECURE_RANDOM_ALGORITM' found, using default value 'SHA1PRNG'.
2020-10-24 15:12:09 - INFO  - org.apache.myfaces.webapp.WebConfigParamsLogger - No context init parameter 'facelets.LIBRARIES' found.
2020-10-24 15:12:09 - INFO  - org.apache.myfaces.webapp.WebConfigParamsLogger - No context init parameter 'org.apache.myfaces.VALIDATE' found, using default value 'false'.
2020-10-24 15:12:09 - INFO  - org.apache.myfaces.webapp.WebConfigParamsLogger - No context init parameter 'org.apache.myfaces.annotation.USE_CDI_FOR_ANNOTATION_SCANNING' found.
2020-10-24 15:12:09 - INFO  - org.apache.myfaces.webapp.WebConfigParamsLogger - No context init parameter 'org.apache.myfaces.annotation.SCAN_PACKAGES' found.
2020-10-24 15:12:09 - INFO  - org.apache.myfaces.webapp.WebConfigParamsLogger - No context init parameter 'org.apache.myfaces.config.annotation.LifecycleProvider' found.
2020-10-24 15:12:09 - INFO  - org.apache.myfaces.webapp.WebConfigParamsLogger - No context init parameter 'org.apache.myfaces.INITIALIZE_SKIP_JAR_FACES_CONFIG_SCAN' found, using default value 'false'.
2020-10-24 15:12:09 - INFO  - org.apache.myfaces.webapp.WebConfigParamsLogger - No context init parameter 'org.apache.myfaces.EL_RESOLVER_COMPARATOR' found.
2020-10-24 15:12:09 - INFO  - org.apache.myfaces.webapp.WebConfigParamsLogger - No context init parameter 'org.apache.myfaces.EL_RESOLVER_PREDICATE' found.
2020-10-24 15:12:09 - INFO  - org.apache.myfaces.webapp.WebConfigParamsLogger - No context init parameter 'org.apache.myfaces.DEFAULT_WINDOW_MODE' found, using default value 'url'.
2020-10-24 15:12:09 - INFO  - org.apache.myfaces.webapp.WebConfigParamsLogger - No context init parameter 'org.apache.myfaces.CHECKED_VIEWID_CACHE_SIZE' found, using default value '500'.
2020-10-24 15:12:09 - INFO  - org.apache.myfaces.webapp.WebConfigParamsLogger - No context init parameter 'org.apache.myfaces.CHECKED_VIEWID_CACHE_ENABLED' found, using default value 'true'.
2020-10-24 15:12:09 - INFO  - org.apache.myfaces.webapp.WebConfigParamsLogger - No context init parameter 'org.apache.myfaces.ERROR_TEMPLATE_RESOURCE' found, using default value 'META-INF/rsc/myfaces-dev-error.xml'.
2020-10-24 15:12:09 - INFO  - org.apache.myfaces.webapp.WebConfigParamsLogger - No context init parameter 'org.apache.myfaces.DEBUG_TEMPLATE_RESOURCE' found, using default value 'META-INF/rsc/myfaces-dev-debug.xml'.
2020-10-24 15:12:09 - INFO  - org.apache.myfaces.webapp.WebConfigParamsLogger - No context init parameter 'org.apache.myfaces.ERROR_HANDLING' found, using default value 'false, on Development Project stage: true'.
2020-10-24 15:12:09 - INFO  - org.apache.myfaces.webapp.WebConfigParamsLogger - No context init parameter 'org.apache.myfaces.HANDLE_STATE_CACHING_MECHANICS' found, using default value 'true'.
2020-10-24 15:12:09 - INFO  - org.apache.myfaces.webapp.WebConfigParamsLogger - No context init parameter 'org.apache.myfaces.AUTOCOMPLETE_OFF_VIEW_STATE' found, using default value 'true'.
2020-10-24 15:12:09 - INFO  - org.apache.myfaces.webapp.WebConfigParamsLogger - No context init parameter 'org.apache.myfaces.USE_MULTIPLE_JS_FILES_FOR_JSF_UNCOMPRESSED_JS' found, using default value 'false'.
2020-10-24 15:12:09 - INFO  - org.apache.myfaces.webapp.WebConfigParamsLogger - No context init parameter 'org.apache.myfaces.JSF_JS_MODE' found, using default value 'normal'.
2020-10-24 15:12:09 - INFO  - org.apache.myfaces.webapp.WebConfigParamsLogger - No context init parameter 'org.apache.myfaces.TEMPORAL_RESOURCEHANDLER_CACHE_ENABLED' found, using default value 'false'.
2020-10-24 15:12:09 - INFO  - org.apache.myfaces.webapp.WebConfigParamsLogger - No context init parameter 'org.apache.myfaces.SERVICE_PROVIDER_FINDER' found.
2020-10-24 15:12:09 - INFO  - org.apache.myfaces.webapp.WebConfigParamsLogger - No context init parameter 'org.apache.myfaces.spi.InjectionProvider' found.
2020-10-24 15:12:09 - INFO  - org.apache.myfaces.webapp.WebConfigParamsLogger - No context init parameter 'javax.faces.DISABLE_FACELET_JSF_VIEWHANDLER' found, using default value 'false'.
2020-10-24 15:12:09 - INFO  - org.apache.myfaces.webapp.WebConfigParamsLogger - No context init parameter 'org.apache.myfaces.SAVE_STATE_WITH_VISIT_TREE_ON_PSS' found, using default value 'true'.
2020-10-24 15:12:09 - INFO  - org.apache.myfaces.webapp.WebConfigParamsLogger - No context init parameter 'org.apache.myfaces.CHECK_ID_PRODUCTION_MODE' found, using default value 'auto'.
2020-10-24 15:12:09 - INFO  - org.apache.myfaces.webapp.WebConfigParamsLogger - No context init parameter 'facelets.BUFFER_SIZE' found.
2020-10-24 15:12:09 - INFO  - org.apache.myfaces.webapp.WebConfigParamsLogger - No context init parameter 'facelets.REFRESH_PERIOD' found, using default value '-1'.
2020-10-24 15:12:09 - INFO  - org.apache.myfaces.webapp.WebConfigParamsLogger - No context init parameter 'javax.faces.FACELETS_RESOURCE_RESOLVER' found.
2020-10-24 15:12:09 - INFO  - org.apache.myfaces.webapp.WebConfigParamsLogger - No context init parameter 'facelets.RESOURCE_RESOLVER' found.
2020-10-24 15:12:09 - INFO  - org.apache.myfaces.webapp.WebConfigParamsLogger - No context init parameter 'org.apache.myfaces.MARK_INITIAL_STATE_WHEN_APPLY_BUILD_VIEW' found, using default value 'false'.
2020-10-24 15:12:09 - INFO  - org.apache.myfaces.webapp.WebConfigParamsLogger - No context init parameter 'facelets.DECORATORS' found.
2020-10-24 15:12:09 - INFO  - org.apache.myfaces.webapp.WebConfigParamsLogger - No context init parameter 'facelets.SKIP_COMMENTS' found.
2020-10-24 15:12:09 - INFO  - org.apache.myfaces.webapp.WebConfigParamsLogger - No context init parameter 'org.apache.myfaces.WRAP_TAG_EXCEPTIONS_AS_CONTEXT_AWARE' found, using default value 'true'.
2020-10-24 15:12:09 - INFO  - org.apache.myfaces.webapp.WebConfigParamsLogger - No context init parameter 'org.apache.myfaces.CACHE_EL_EXPRESSIONS' found, using default value 'noCache'.
2020-10-24 15:12:09 - INFO  - org.apache.myfaces.webapp.WebConfigParamsLogger - No context init parameter 'org.apache.myfaces.VIEW_POOL_MAX_POOL_SIZE' found, using default value '5'.
2020-10-24 15:12:09 - INFO  - org.apache.myfaces.webapp.WebConfigParamsLogger - No context init parameter 'org.apache.myfaces.VIEW_POOL_MAX_DYNAMIC_PARTIAL_LIMIT' found, using default value '2'.
2020-10-24 15:12:09 - INFO  - org.apache.myfaces.webapp.WebConfigParamsLogger - No context init parameter 'org.apache.myfaces.VIEW_POOL_ENTRY_MODE' found, using default value 'soft'.
2020-10-24 15:12:09 - INFO  - org.apache.myfaces.webapp.WebConfigParamsLogger - No context init parameter 'org.apache.myfaces.VIEW_POOL_DEFERRED_NAVIGATION' found, using default value 'false'.
2020-10-24 15:12:09 - INFO  - org.apache.myfaces.webapp.WebConfigParamsLogger - No context init parameter 'org.apache.myfaces.validator.BEAN_BEFORE_JSF_VALIDATION' found, using default value 'false'.
2020-10-24 15:12:09 - INFO  - org.apache.myfaces.webapp.WebConfigParamsLogger - No context init parameter 'org.apache.myfaces.EXPRESSION_FACTORY' found.
2020-10-24 15:12:09 - INFO  - org.apache.myfaces.webapp.WebConfigParamsLogger - No context init parameter 'org.apache.myfaces.INITIALIZE_ALWAYS_STANDALONE' found, using default value 'false'.
2020-10-24 15:12:09 - INFO  - org.apache.myfaces.webapp.WebConfigParamsLogger - No context init parameter 'org.apache.myfaces.LOG_WEB_CONTEXT_PARAMS' found, using default value 'auto'.
2020-10-24 15:12:09 - INFO  - org.apache.myfaces.webapp.WebConfigParamsLogger - No context init parameter 'org.apache.myfaces.FACES_INITIALIZER' found.
2020-10-24 15:12:09 - INFO  - org.apache.myfaces.webapp.WebConfigParamsLogger - No context init parameter 'org.apache.myfaces.FACES_INIT_PLUGINS' found.
2020-10-24 15:12:09 - INFO  - org.apache.myfaces.util.ExternalSpecifications - MyFaces Unified EL support enabled
2020-10-24 15:12:09 - INFO  - org.apache.myfaces.view.facelets.ViewPoolProcessor - org.apache.myfaces.CACHE_EL_EXPRESSIONS web config parameter is set to "noCache". To enable view pooling this param must be set to "alwaysRecompile". View Pooling disabled.
2020-10-24 15:12:09 - INFO  - org.apache.myfaces.webapp.StartupServletContextListener - MyFaces Core has started, it took [1712] ms.
2020-10-24 15:12:09 - INFO  - unknown.jul.logger - RewriteFilter starting up...
2020-10-24 15:12:09 - INFO  - unknown.jul.logger - Loaded [4] org.ocpsoft.rewrite.servlet.spi.RewriteLifecycleListener [org.ocpsoft.rewrite.prettyfaces.PrettyFacesRewriteLifecycleListener<-100>, org.ocpsoft.rewrite.faces.FacesRewriteLifecycleListener<0>, org.ocpsoft.rewrite.servlet.config.lifecycle.JoinRewriteLifecycleListener<2147483647>, org.ocpsoft.rewrite.servlet.impl.DefaultRewriteLifecycleListener<2147483647>]
2020-10-24 15:12:09 - INFO  - unknown.jul.logger - Loaded [1] org.ocpsoft.rewrite.servlet.spi.RequestCycleWrapper [org.ocpsoft.rewrite.servlet.impl.HttpRewriteRequestCycleWrapper<0>]
2020-10-24 15:12:09 - INFO  - unknown.jul.logger - Loaded [1] org.ocpsoft.rewrite.spi.RewriteProvider [org.ocpsoft.rewrite.servlet.impl.DefaultHttpRewriteProvider<0>]
2020-10-24 15:12:09 - INFO  - unknown.jul.logger - Loaded [1] org.ocpsoft.rewrite.servlet.spi.RewriteResultHandler [org.ocpsoft.rewrite.servlet.impl.HttpRewriteResultHandler<0>]
2020-10-24 15:12:09 - INFO  - unknown.jul.logger - Loaded [1] org.ocpsoft.rewrite.servlet.spi.InboundRewriteProducer [org.ocpsoft.rewrite.servlet.impl.HttpInboundRewriteProducer<0>]
2020-10-24 15:12:09 - INFO  - unknown.jul.logger - Loaded [1] org.ocpsoft.rewrite.servlet.spi.OutboundRewriteProducer [org.ocpsoft.rewrite.servlet.impl.HttpOutboundRewriteProducer<0>]
2020-10-24 15:12:09 - INFO  - unknown.jul.logger - Loaded [1] org.ocpsoft.rewrite.servlet.spi.ContextListener [org.ocpsoft.rewrite.prettyfaces.PrettyConfigContextListener<0>]
2020-10-24 15:12:09 - INFO  - unknown.jul.logger - Loaded [0] org.ocpsoft.rewrite.servlet.spi.RequestListener []
2020-10-24 15:12:09 - INFO  - unknown.jul.logger - Loaded [1] org.ocpsoft.rewrite.servlet.spi.RequestParameterProvider [org.ocpsoft.rewrite.prettyfaces.PrettyFacesRequestParameterProvider<0>]
2020-10-24 15:12:09 - INFO  - unknown.jul.logger - Loaded [1] org.ocpsoft.rewrite.el.spi.ExpressionLanguageProvider [org.ocpsoft.rewrite.faces.FacesExpressionLanguageProvider<30>]
2020-10-24 15:12:09 - INFO  - unknown.jul.logger - Loaded [1] org.ocpsoft.rewrite.spi.InvocationResultHandler [org.ocpsoft.rewrite.faces.NavigatingInvocationResultHandler<100>]
2020-10-24 15:12:09 - INFO  - unknown.jul.logger - Loaded [0] org.ocpsoft.common.spi.ServiceEnricher []
2020-10-24 15:12:09 - INFO  - unknown.jul.logger - Loaded [1] org.ocpsoft.rewrite.spi.ConfigurationCacheProvider [org.ocpsoft.rewrite.servlet.impl.ServletContextConfigurationCacheProvider<0>]
2020-10-24 15:12:09 - INFO  - unknown.jul.logger - Loaded [2] org.ocpsoft.rewrite.config.ConfigurationProvider [org.ocpsoft.rewrite.annotation.config.AnnotationConfigProvider<100>, org.ocpsoft.rewrite.prettyfaces.PrettyFacesRewriteConfigurationProvider<1>]
2020-10-24 15:12:09 - INFO  - unknown.jul.logger - Loaded [0] org.ocpsoft.rewrite.spi.RuleCacheProvider []
2020-10-24 15:12:09 - INFO  - unknown.jul.logger - Loaded [1] org.ocpsoft.rewrite.spi.GlobalParameterProvider [org.ocpsoft.rewrite.instance.WildcardParameterProvider<0>]
2020-10-24 15:12:09 - INFO  - unknown.jul.logger - Rewrite 3.4.1.Final initialized.
2020-10-24 15:12:09 - INFO  - org.hibernate.jpa.internal.util.LogHelper - HHH000204: Processing PersistenceUnitInfo [name: default]
2020-10-24 15:12:09 - INFO  - org.hibernate.Version - HHH000412: Hibernate ORM core version 5.4.21.Final
2020-10-24 15:12:09 - WARN  - o.s.b.a.orm.jpa.JpaBaseConfiguration$JpaWebConfiguration - spring.jpa.open-in-view is enabled by default. Therefore, database queries may be performed during view rendering. Explicitly configure spring.jpa.open-in-view to disable this warning
2020-10-24 15:12:10 - INFO  - org.hibernate.annotations.common.Version - HCANN000001: Hibernate Commons Annotations {5.1.0.Final}
2020-10-24 15:12:10 - INFO  - org.hibernate.dialect.Dialect - HHH000400: Using dialect: org.hibernate.dialect.MySQL5InnoDBDialect
2020-10-24 15:12:12 - INFO  - o.h.e.transaction.jta.platform.internal.JtaPlatformInitiator - HHH000490: Using JtaPlatform implementation: [org.hibernate.engine.transaction.jta.platform.internal.NoJtaPlatform]
2020-10-24 15:12:12 - INFO  - tn.esprit.spring.TimesheetApplication - Started TimesheetApplication in 8.665 seconds (JVM running for 9.769)
2020-10-24 15:13:48 - INFO  - tn.esprit.spring.TimesheetApplicationTests - Starting TimesheetApplicationTests on Waelbenamara with PID 18264 (started by waelb in C:\Users\waelb\OneDrive\Documents\SpringWorkSpace\Integration-continue)
2020-10-24 15:13:48 - INFO  - tn.esprit.spring.TimesheetApplicationTests - No active profile set, falling back to default profiles: default
2020-10-24 15:13:51 - INFO  - org.hibernate.jpa.internal.util.LogHelper - HHH000204: Processing PersistenceUnitInfo [name: default]
2020-10-24 15:13:51 - INFO  - org.hibernate.Version - HHH000412: Hibernate ORM core version 5.4.21.Final
2020-10-24 15:13:52 - INFO  - org.hibernate.annotations.common.Version - HCANN000001: Hibernate Commons Annotations {5.1.0.Final}
2020-10-24 15:13:52 - WARN  - o.s.b.a.orm.jpa.JpaBaseConfiguration$JpaWebConfiguration - spring.jpa.open-in-view is enabled by default. Therefore, database queries may be performed during view rendering. Explicitly configure spring.jpa.open-in-view to disable this warning
2020-10-24 15:13:53 - INFO  - org.hibernate.dialect.Dialect - HHH000400: Using dialect: org.hibernate.dialect.MySQL5InnoDBDialect
2020-10-24 15:13:55 - INFO  - o.h.e.transaction.jta.platform.internal.JtaPlatformInitiator - HHH000490: Using JtaPlatform implementation: [org.hibernate.engine.transaction.jta.platform.internal.NoJtaPlatform]
2020-10-24 15:13:56 - INFO  - tn.esprit.spring.TimesheetApplicationTests - Started TimesheetApplicationTests in 7.79 seconds (JVM running for 9.285)
